2019-02-07 23:15:19.460792: I tensorflow/core/platform/cpu_feature_guard.cc:141] Your CPU supports instructions that this TensorFlow binary was not compiled to use: SSE4.1 SSE4.2 AVX AVX2 FMA
2019-02-07 23:15:19.921332: I tensorflow/stream_executor/cuda/cuda_gpu_executor.cc:897] successful NUMA node read from SysFS had negative value (-1), but there must be at least one NUMA node, so returning NUMA node zero
2019-02-07 23:15:19.921761: I tensorflow/core/common_runtime/gpu/gpu_device.cc:1392] Found device 0 with properties: 
name: Tesla P100-PCIE-16GB major: 6 minor: 0 memoryClockRate(GHz): 1.3285
pciBusID: 0000:00:04.0
totalMemory: 15.90GiB freeMemory: 15.61GiB
2019-02-07 23:15:19.921792: I tensorflow/core/common_runtime/gpu/gpu_device.cc:1471] Adding visible gpu devices: 0
2019-02-07 23:15:20.278554: I tensorflow/core/common_runtime/gpu/gpu_device.cc:952] Device interconnect StreamExecutor with strength 1 edge matrix:
2019-02-07 23:15:20.278608: I tensorflow/core/common_runtime/gpu/gpu_device.cc:958]      0 
2019-02-07 23:15:20.278616: I tensorflow/core/common_runtime/gpu/gpu_device.cc:971] 0:   N 
2019-02-07 23:15:20.278886: I tensorflow/core/common_runtime/gpu/gpu_device.cc:1084] Created TensorFlow device (/job:localhost/replica:0/task:0/device:GPU:0 with 15133 MB memory) -> physical GPU (device: 0, name: Tesla P100-PCIE-16GB, pci bus id: 0000:00:04.0, compute capability: 6.0)
Step 0: 16.084 sec
Training Data Eval:
accuracy: 0.31250
Validation Data Eval:
accuracy: 0.15625
Step 1: 9.486 sec
Step 2: 11.515 sec
Step 3: 12.920 sec
Step 4: 10.493 sec
Step 5: 12.138 sec
Step 6: 10.314 sec
Step 7: 10.375 sec
Step 8: 9.978 sec
Step 9: 10.158 sec
Step 10: 12.970 sec
Training Data Eval:
accuracy: 0.18750
Validation Data Eval:
accuracy: 0.18750
Step 11: 9.873 sec
Step 12: 9.354 sec
Step 13: 11.415 sec
Step 14: 11.175 sec
Step 15: 10.224 sec
Step 16: 10.484 sec
Step 17: 10.754 sec
Step 18: 10.544 sec
Step 19: 9.681 sec
Step 20: 8.776 sec
Training Data Eval:
accuracy: 0.12500
Validation Data Eval:
accuracy: 0.21875
Step 21: 9.686 sec
Step 22: 9.328 sec
Step 23: 12.845 sec
Step 24: 10.506 sec
Step 25: 10.566 sec
Step 26: 9.690 sec
Step 27: 10.029 sec
Step 28: 10.129 sec
Step 29: 10.237 sec
Step 30: 9.297 sec
Training Data Eval:
accuracy: 0.12500
Validation Data Eval:
accuracy: 0.09375
Step 31: 9.341 sec
Step 32: 10.872 sec
Step 33: 10.227 sec
Step 34: 10.015 sec
Step 35: 9.453 sec
Step 36: 11.752 sec
Step 37: 10.162 sec
Step 38: 9.629 sec
Step 39: 8.691 sec
Step 40: 10.887 sec
Training Data Eval:
accuracy: 0.12500
Validation Data Eval:
accuracy: 0.18750
Step 41: 10.452 sec
Step 42: 10.168 sec
Step 43: 9.399 sec
Step 44: 8.513 sec
Step 45: 9.378 sec
Step 46: 9.544 sec
Step 47: 9.114 sec
Step 48: 10.105 sec
Step 49: 9.324 sec
Step 50: 10.217 sec
Training Data Eval:
accuracy: 0.31250
Validation Data Eval:
accuracy: 0.15625
Step 51: 9.911 sec
Step 52: 9.896 sec
Step 53: 10.751 sec
Step 54: 9.738 sec
Step 55: 9.365 sec
Step 56: 11.215 sec
Step 57: 8.002 sec
Step 58: 8.508 sec
Step 59: 10.157 sec
Step 60: 9.089 sec
Training Data Eval:
accuracy: 0.15625
Validation Data Eval:
accuracy: 0.28125
Step 61: 9.928 sec
Step 62: 9.576 sec
Step 63: 10.953 sec
Step 64: 9.559 sec
Step 65: 10.489 sec
Step 66: 9.714 sec
Step 67: 9.694 sec
Step 68: 9.037 sec
Step 69: 9.007 sec
Step 70: 10.146 sec
Training Data Eval:
accuracy: 0.25000
Validation Data Eval:
accuracy: 0.15625
Step 71: 9.759 sec
Step 72: 8.405 sec
Step 73: 11.392 sec
Step 74: 8.976 sec
Step 75: 9.670 sec
Step 76: 9.640 sec
Step 77: 9.268 sec
Step 78: 10.225 sec
Step 79: 9.605 sec
Step 80: 10.109 sec
Training Data Eval:
accuracy: 0.15625
Validation Data Eval:
accuracy: 0.12500
Step 81: 9.520 sec
Step 82: 10.204 sec
Step 83: 10.592 sec
Step 84: 9.308 sec
Step 85: 9.847 sec
Step 86: 9.480 sec
Step 87: 8.993 sec
Step 88: 8.926 sec
Step 89: 9.463 sec
Step 90: 9.349 sec
Training Data Eval:
accuracy: 0.12500
Validation Data Eval:
accuracy: 0.12500
Step 91: 8.548 sec
Step 92: 8.616 sec
Step 93: 10.954 sec
Step 94: 8.156 sec
Step 95: 10.115 sec
Step 96: 9.145 sec
Step 97: 7.404 sec
Step 98: 9.777 sec
Step 99: 9.740 sec
Step 100: 8.089 sec
Training Data Eval:
accuracy: 0.31250
Validation Data Eval:
accuracy: 0.18750
Step 101: 8.953 sec
Step 102: 8.339 sec
Step 103: 9.122 sec
Step 104: 7.545 sec
Step 105: 9.226 sec
Step 106: 8.587 sec
Step 107: 9.586 sec
Step 108: 9.706 sec
Step 109: 10.341 sec
Step 110: 9.592 sec
Training Data Eval:
accuracy: 0.06250
Validation Data Eval:
accuracy: 0.18750
Step 111: 9.755 sec
Step 112: 9.150 sec
Step 113: 9.721 sec
Step 114: 8.662 sec
Step 115: 9.549 sec
Step 116: 8.816 sec
Step 117: 8.955 sec
Step 118: 8.552 sec
Step 119: 7.887 sec
Step 120: 9.352 sec
Training Data Eval:
accuracy: 0.12500
Validation Data Eval:
accuracy: 0.21875
Step 121: 8.226 sec
Step 122: 9.831 sec
Step 123: 10.720 sec
Step 124: 8.558 sec
Step 125: 7.994 sec
Step 126: 9.112 sec
Step 127: 8.175 sec
Step 128: 8.375 sec
Step 129: 8.317 sec
Step 130: 7.853 sec
Training Data Eval:
accuracy: 0.12500
Validation Data Eval:
accuracy: 0.09375
Step 131: 8.500 sec
Step 132: 9.223 sec
Step 133: 10.607 sec
Step 134: 8.467 sec
Step 135: 8.337 sec
Step 136: 8.480 sec
Step 137: 9.038 sec
Step 138: 8.345 sec
Step 139: 9.004 sec
Step 140: 8.783 sec
Training Data Eval:
accuracy: 0.21875
Validation Data Eval:
accuracy: 0.18750
Step 141: 9.027 sec
Step 142: 9.367 sec
Step 143: 9.404 sec
Step 144: 8.258 sec
Step 145: 9.148 sec
Step 146: 8.567 sec
Step 147: 9.216 sec
Step 148: 8.966 sec
Step 149: 7.986 sec
Step 150: 8.939 sec
Training Data Eval:
accuracy: 0.25000
Validation Data Eval:
accuracy: 0.18750
Step 151: 9.096 sec
Step 152: 8.280 sec
Step 153: 8.862 sec
Step 154: 9.428 sec
Step 155: 8.482 sec
Step 156: 8.608 sec
Step 157: 7.688 sec
Step 158: 8.172 sec
Step 159: 8.411 sec
Step 160: 8.016 sec
Training Data Eval:
accuracy: 0.28125
Validation Data Eval:
accuracy: 0.18750
Step 161: 10.355 sec
Step 162: 8.061 sec
Step 163: 7.760 sec
Step 164: 9.499 sec
Step 165: 7.998 sec
Step 166: 7.645 sec
Step 167: 8.073 sec
Step 168: 8.741 sec
Step 169: 8.989 sec
Step 170: 8.154 sec
Training Data Eval:
accuracy: 0.15625
Validation Data Eval:
accuracy: 0.15625
Step 171: 8.484 sec
Step 172: 8.561 sec
Step 173: 9.840 sec
Step 174: 7.767 sec
Step 175: 8.725 sec
Step 176: 7.411 sec
Step 177: 7.981 sec
Step 178: 8.653 sec
Step 179: 8.338 sec
Step 180: 8.669 sec
Training Data Eval:
accuracy: 0.12500
Validation Data Eval:
accuracy: 0.15625
Step 181: 9.555 sec
Step 182: 9.632 sec
Step 183: 9.192 sec
Step 184: 8.176 sec
Step 185: 8.054 sec
Step 186: 7.511 sec
Step 187: 7.456 sec
Step 188: 7.444 sec
Step 189: 9.228 sec
Step 190: 8.697 sec
Training Data Eval:
accuracy: 0.28125
Validation Data Eval:
accuracy: 0.12500
Step 191: 8.654 sec
Step 192: 7.746 sec
Step 193: 10.537 sec
Step 194: 8.502 sec
Step 195: 7.474 sec
Step 196: 7.489 sec
Step 197: 7.967 sec
Step 198: 8.109 sec
Step 199: 9.869 sec
Step 200: 8.451 sec
Training Data Eval:
accuracy: 0.37500
Validation Data Eval:
accuracy: 0.21875
Step 201: 8.257 sec
Step 202: 9.266 sec
Step 203: 9.112 sec
Step 204: 8.997 sec
Step 205: 8.856 sec
Step 206: 9.108 sec
Step 207: 9.168 sec
Step 208: 7.699 sec
Step 209: 8.052 sec
Step 210: 9.717 sec
Training Data Eval:
accuracy: 0.37500
Validation Data Eval:
accuracy: 0.25000
Step 211: 8.402 sec
Step 212: 8.563 sec
Step 213: 9.520 sec
Step 214: 9.211 sec
Step 215: 8.628 sec
Step 216: 8.019 sec
Step 217: 7.156 sec
Step 218: 8.331 sec
Step 219: 9.056 sec
Step 220: 7.443 sec
Training Data Eval:
accuracy: 0.25000
Validation Data Eval:
accuracy: 0.28125
Step 221: 7.705 sec
Step 222: 7.882 sec
Step 223: 8.773 sec
Step 224: 8.640 sec
Step 225: 7.980 sec
Step 226: 7.663 sec
Step 227: 7.964 sec
Step 228: 7.753 sec
Step 229: 7.969 sec
Step 230: 7.385 sec
Training Data Eval:
accuracy: 0.31250
Validation Data Eval:
accuracy: 0.18750
Step 231: 8.191 sec
Step 232: 8.422 sec
Step 233: 9.366 sec
Step 234: 8.079 sec
Step 235: 7.516 sec
Step 236: 8.382 sec
Step 237: 7.596 sec
Step 238: 8.410 sec
Step 239: 7.317 sec
Step 240: 8.083 sec
Training Data Eval:
accuracy: 0.43750
Validation Data Eval:
accuracy: 0.18750
Step 241: 9.984 sec
Step 242: 8.377 sec
Step 243: 8.302 sec
Step 244: 8.036 sec
Step 245: 7.871 sec
Step 246: 8.706 sec
Step 247: 7.486 sec
Step 248: 7.773 sec
Step 249: 8.667 sec
Step 250: 7.561 sec
Training Data Eval:
accuracy: 0.40625
Validation Data Eval:
accuracy: 0.25000
Step 251: 7.571 sec
Step 252: 7.808 sec
Step 253: 7.726 sec
Step 254: 7.826 sec
Step 255: 8.651 sec
Step 256: 8.488 sec
Step 257: 8.704 sec
Step 258: 8.255 sec
Step 259: 9.386 sec
Step 260: 9.262 sec
Training Data Eval:
accuracy: 0.56250
Validation Data Eval:
accuracy: 0.09375
Step 261: 8.123 sec
Step 262: 8.604 sec
Step 263: 9.034 sec
Step 264: 9.734 sec
Step 265: 7.795 sec
Step 266: 7.251 sec
Step 267: 8.709 sec
Step 268: 8.807 sec
Step 269: 9.371 sec
Step 270: 9.323 sec
Training Data Eval:
accuracy: 0.62500
Validation Data Eval:
accuracy: 0.31250
Step 271: 8.030 sec
Step 272: 8.735 sec
Step 273: 8.751 sec
Step 274: 8.353 sec
Step 275: 8.526 sec
Step 276: 7.750 sec
Step 277: 8.097 sec
Step 278: 7.900 sec
Step 279: 7.436 sec
Step 280: 9.043 sec
Training Data Eval:
accuracy: 0.43750
Validation Data Eval:
accuracy: 0.37500
Step 281: 7.820 sec
Step 282: 8.196 sec
Step 283: 9.054 sec
Step 284: 8.388 sec
Step 285: 10.182 sec
Step 286: 8.898 sec
Step 287: 8.134 sec
Step 288: 8.371 sec
Step 289: 8.113 sec
Step 290: 8.524 sec
Training Data Eval:
accuracy: 0.46875
Validation Data Eval:
accuracy: 0.31250
Step 291: 7.997 sec
Step 292: 7.866 sec
Step 293: 8.842 sec
Step 294: 9.187 sec
Step 295: 9.267 sec
Step 296: 8.115 sec
Step 297: 8.343 sec
Step 298: 7.661 sec
Step 299: 8.081 sec
Step 300: 7.411 sec
Training Data Eval:
accuracy: 0.59375
Validation Data Eval:
accuracy: 0.34375
Step 301: 8.206 sec
Step 302: 10.546 sec
Step 303: 10.096 sec
Step 304: 8.971 sec
Step 305: 8.345 sec
Step 306: 7.871 sec
Step 307: 8.061 sec
Step 308: 9.282 sec
Step 309: 8.323 sec
Step 310: 7.454 sec
Training Data Eval:
accuracy: 0.68750
Validation Data Eval:
accuracy: 0.34375
Step 311: 7.538 sec
Step 312: 7.376 sec
Step 313: 7.998 sec
Step 314: 7.617 sec
Step 315: 7.415 sec
Step 316: 9.081 sec
Step 317: 7.279 sec
Step 318: 7.657 sec
Step 319: 7.799 sec
Step 320: 8.484 sec
Training Data Eval:
accuracy: 0.65625
Validation Data Eval:
accuracy: 0.37500
Step 321: 8.290 sec
Step 322: 8.215 sec
Step 323: 7.889 sec
Step 324: 7.045 sec
Step 325: 7.637 sec
Step 326: 8.440 sec
Step 327: 7.518 sec
Step 328: 8.171 sec
Step 329: 9.649 sec
Step 330: 8.894 sec
Training Data Eval:
accuracy: 0.84375
Validation Data Eval:
accuracy: 0.34375
Step 331: 8.226 sec
Step 332: 7.873 sec
Step 333: 9.481 sec
Step 334: 7.522 sec
Step 335: 8.050 sec
Step 336: 8.172 sec
Step 337: 8.187 sec
Step 338: 8.492 sec
Step 339: 7.972 sec
Step 340: 7.302 sec
Training Data Eval:
accuracy: 0.59375
Validation Data Eval:
accuracy: 0.53125
Step 341: 8.778 sec
Step 342: 8.714 sec
Step 343: 7.652 sec
Step 344: 8.225 sec
Step 345: 7.388 sec
Step 346: 9.596 sec
Step 347: 9.706 sec
Step 348: 7.700 sec
Step 349: 8.293 sec
Step 350: 6.988 sec
Training Data Eval:
accuracy: 0.75000
Validation Data Eval:
accuracy: 0.50000
Step 351: 8.525 sec
Step 352: 7.363 sec
Step 353: 9.169 sec
Step 354: 7.091 sec
Step 355: 8.551 sec
Step 356: 7.636 sec
Step 357: 9.233 sec
Step 358: 7.611 sec
Step 359: 7.820 sec
Step 360: 7.311 sec
Training Data Eval:
accuracy: 0.59375
Validation Data Eval:
accuracy: 0.43750
Step 361: 8.516 sec
Step 362: 7.474 sec
Step 363: 8.261 sec
Step 364: 8.476 sec
Step 365: 8.757 sec
Step 366: 9.579 sec
Step 367: 7.605 sec
Step 368: 7.880 sec
Step 369: 8.137 sec
Step 370: 8.205 sec
Training Data Eval:
accuracy: 0.71875
Validation Data Eval:
accuracy: 0.40625
Step 371: 9.569 sec
Step 372: 7.753 sec
Step 373: 10.056 sec
Step 374: 7.489 sec
Step 375: 7.633 sec
Step 376: 7.528 sec
Step 377: 7.373 sec
Step 378: 8.562 sec
Step 379: 7.796 sec
Step 380: 7.336 sec
Training Data Eval:
accuracy: 0.65625
Validation Data Eval:
accuracy: 0.37500
Step 381: 8.048 sec
Step 382: 8.770 sec
Step 383: 9.227 sec
Step 384: 8.789 sec
Step 385: 7.703 sec
Step 386: 7.123 sec
Step 387: 8.699 sec
Step 388: 7.724 sec
Step 389: 7.841 sec
Step 390: 7.022 sec
Training Data Eval:
accuracy: 0.65625
Validation Data Eval:
accuracy: 0.37500
Step 391: 9.860 sec
Step 392: 7.943 sec
Step 393: 8.914 sec
Step 394: 8.328 sec
Step 395: 8.940 sec
Step 396: 7.479 sec
Step 397: 7.593 sec
Step 398: 8.530 sec
Step 399: 7.897 sec
Step 400: 8.553 sec
Training Data Eval:
accuracy: 0.71875
Validation Data Eval:
accuracy: 0.28125
Step 401: 8.287 sec
Step 402: 7.625 sec
Step 403: 8.578 sec
Step 404: 8.224 sec
Step 405: 8.285 sec
Step 406: 10.148 sec
Step 407: 7.176 sec
Step 408: 9.038 sec
Step 409: 8.716 sec
Step 410: 7.651 sec
Training Data Eval:
accuracy: 0.50000
Validation Data Eval:
accuracy: 0.53125
Step 411: 7.724 sec
Step 412: 7.857 sec
Step 413: 7.545 sec
Step 414: 8.668 sec
Step 415: 7.757 sec
Step 416: 8.137 sec
Step 417: 7.660 sec
Step 418: 8.151 sec
Step 419: 7.054 sec
Step 420: 9.001 sec
Training Data Eval:
accuracy: 0.62500
Validation Data Eval:
accuracy: 0.31250
Step 421: 8.453 sec
Step 422: 8.339 sec
Step 423: 7.581 sec
Step 424: 8.189 sec
Step 425: 8.341 sec
Step 426: 8.908 sec
Step 427: 7.429 sec
Step 428: 8.812 sec
Step 429: 7.720 sec
Step 430: 8.788 sec
Training Data Eval:
accuracy: 0.65625
Validation Data Eval:
accuracy: 0.43750
Step 431: 7.412 sec
Step 432: 7.546 sec
Step 433: 8.274 sec
Step 434: 8.988 sec
Step 435: 8.320 sec
Step 436: 8.722 sec
Step 437: 7.655 sec
Step 438: 8.287 sec
Step 439: 9.089 sec
Step 440: 8.352 sec
Training Data Eval:
accuracy: 0.75000
Validation Data Eval:
accuracy: 0.59375
Step 441: 8.814 sec
Step 442: 8.332 sec
Step 443: 8.841 sec
Step 444: 9.123 sec
Step 445: 8.895 sec
Step 446: 8.091 sec
Step 447: 7.687 sec
Step 448: 6.685 sec
Step 449: 7.351 sec
Step 450: 8.241 sec
Training Data Eval:
accuracy: 0.78125
Validation Data Eval:
accuracy: 0.43750
Step 451: 7.099 sec
Step 452: 8.077 sec
Step 453: 7.471 sec
Step 454: 8.167 sec
Step 455: 7.689 sec
Step 456: 8.419 sec
Step 457: 7.705 sec
Step 458: 8.069 sec
Step 459: 8.092 sec
Step 460: 7.653 sec
Training Data Eval:
accuracy: 0.78125
Validation Data Eval:
accuracy: 0.50000
Step 461: 8.887 sec
Step 462: 8.389 sec
Step 463: 8.751 sec
Step 464: 8.379 sec
Step 465: 8.759 sec
Step 466: 8.424 sec
Step 467: 7.908 sec
Step 468: 7.960 sec
Step 469: 8.245 sec
Step 470: 9.374 sec
Training Data Eval:
accuracy: 0.75000
Validation Data Eval:
accuracy: 0.50000
Step 471: 8.641 sec
Step 472: 7.997 sec
Step 473: 8.938 sec
Step 474: 8.735 sec
Step 475: 9.519 sec
Step 476: 8.089 sec
Step 477: 8.872 sec
Step 478: 7.382 sec
Step 479: 8.308 sec
Step 480: 8.581 sec
Training Data Eval:
accuracy: 0.75000
Validation Data Eval:
accuracy: 0.31250
Step 481: 9.007 sec
Step 482: 7.372 sec
Step 483: 8.193 sec
Step 484: 7.901 sec
Step 485: 8.149 sec
Step 486: 8.088 sec
Step 487: 8.291 sec
Step 488: 7.668 sec
Step 489: 7.239 sec
Step 490: 6.961 sec
Training Data Eval:
accuracy: 0.78125
Validation Data Eval:
accuracy: 0.59375
Step 491: 7.974 sec
Step 492: 8.657 sec
Step 493: 10.690 sec
Step 494: 9.063 sec
Step 495: 7.965 sec
Step 496: 8.046 sec
Step 497: 8.128 sec
Step 498: 7.477 sec
Step 499: 7.677 sec
Step 500: 7.719 sec
Training Data Eval:
accuracy: 0.75000
Validation Data Eval:
accuracy: 0.46875
Step 501: 8.788 sec
Step 502: 8.899 sec
Step 503: 7.879 sec
Step 504: 7.754 sec
Step 505: 7.882 sec
Step 506: 8.859 sec
Step 507: 7.623 sec
Step 508: 8.812 sec
Step 509: 8.614 sec
Step 510: 8.307 sec
Training Data Eval:
accuracy: 0.84375
Validation Data Eval:
accuracy: 0.46875
Step 511: 7.364 sec
Step 512: 9.008 sec
Step 513: 7.628 sec
Step 514: 8.992 sec
Step 515: 7.688 sec
Step 516: 8.005 sec
Step 517: 7.380 sec
Step 518: 7.851 sec
Step 519: 8.694 sec
Step 520: 7.435 sec
Training Data Eval:
accuracy: 0.84375
Validation Data Eval:
accuracy: 0.50000
Step 521: 8.215 sec
Step 522: 8.479 sec
Step 523: 7.805 sec
Step 524: 7.633 sec
Step 525: 7.842 sec
Step 526: 8.174 sec
Step 527: 8.138 sec
Step 528: 9.533 sec
Step 529: 8.032 sec
Step 530: 7.788 sec
Training Data Eval:
accuracy: 0.78125
Validation Data Eval:
accuracy: 0.37500
Step 531: 7.722 sec
Step 532: 8.885 sec
Step 533: 8.110 sec
Step 534: 8.153 sec
Step 535: 9.156 sec
Step 536: 8.117 sec
Step 537: 7.745 sec
Step 538: 7.869 sec
Step 539: 8.877 sec
Step 540: 7.564 sec
Training Data Eval:
accuracy: 0.90625
Validation Data Eval:
accuracy: 0.40625
Step 541: 7.980 sec
Step 542: 7.430 sec
Step 543: 8.100 sec
Step 544: 7.382 sec
Step 545: 7.061 sec
Step 546: 8.145 sec
Step 547: 7.938 sec
Step 548: 7.845 sec
Step 549: 8.589 sec
Step 550: 7.392 sec
Training Data Eval:
accuracy: 0.93750
Validation Data Eval:
accuracy: 0.53125
Step 551: 7.857 sec
Step 552: 7.562 sec
Step 553: 8.394 sec
Step 554: 7.965 sec
Step 555: 7.630 sec
Step 556: 7.729 sec
Step 557: 8.739 sec
Step 558: 7.621 sec
Step 559: 7.506 sec
Step 560: 8.473 sec
Training Data Eval:
accuracy: 0.96875
Validation Data Eval:
accuracy: 0.40625
Step 561: 8.741 sec
Step 562: 8.556 sec
Step 563: 8.709 sec
Step 564: 7.553 sec
Step 565: 9.060 sec
Step 566: 8.424 sec
Step 567: 7.567 sec
Step 568: 7.261 sec
Step 569: 9.388 sec
Step 570: 6.852 sec
Training Data Eval:
accuracy: 0.78125
Validation Data Eval:
accuracy: 0.43750
Step 571: 8.314 sec
Step 572: 8.359 sec
Step 573: 7.870 sec
Step 574: 8.600 sec
Step 575: 7.562 sec
Step 576: 7.712 sec
Step 577: 8.418 sec
Step 578: 9.793 sec
Step 579: 7.562 sec
Step 580: 7.284 sec
Training Data Eval:
accuracy: 0.93750
Validation Data Eval:
accuracy: 0.40625
Step 581: 7.683 sec
Step 582: 8.444 sec
Step 583: 6.693 sec
Step 584: 7.589 sec
Step 585: 7.153 sec
Step 586: 7.139 sec
Step 587: 8.506 sec
Step 588: 7.999 sec
Step 589: 8.330 sec
Step 590: 9.278 sec
Training Data Eval:
accuracy: 0.93750
Validation Data Eval:
accuracy: 0.46875
Step 591: 8.022 sec
Step 592: 8.834 sec
Step 593: 8.655 sec
Step 594: 7.928 sec
Step 595: 8.628 sec
Step 596: 8.474 sec
Step 597: 7.383 sec
Step 598: 7.254 sec
Step 599: 6.803 sec
Step 600: 7.555 sec
Training Data Eval:
accuracy: 0.84375
Validation Data Eval:
accuracy: 0.43750
Step 601: 7.990 sec
Step 602: 8.958 sec
Step 603: 7.915 sec
Step 604: 8.103 sec
Step 605: 9.702 sec
Step 606: 8.018 sec
Step 607: 8.229 sec
Step 608: 7.681 sec
Step 609: 8.192 sec
Step 610: 7.476 sec
Training Data Eval:
accuracy: 0.93750
Validation Data Eval:
accuracy: 0.40625
Step 611: 7.338 sec
Step 612: 9.057 sec
Step 613: 7.989 sec
Step 614: 8.478 sec
Step 615: 7.973 sec
Step 616: 8.193 sec
Step 617: 8.625 sec
Step 618: 7.613 sec
Step 619: 8.668 sec
Step 620: 8.890 sec
Training Data Eval:
accuracy: 0.87500
Validation Data Eval:
accuracy: 0.43750
Step 621: 6.868 sec
Step 622: 8.008 sec
Step 623: 8.956 sec
Step 624: 8.215 sec
Step 625: 8.570 sec
Step 626: 7.480 sec
Step 627: 8.151 sec
Step 628: 9.174 sec
Step 629: 7.788 sec
Step 630: 8.980 sec
Training Data Eval:
accuracy: 0.87500
Validation Data Eval:
accuracy: 0.53125
Step 631: 8.036 sec
Step 632: 8.844 sec
Step 633: 8.085 sec
Step 634: 7.012 sec
Step 635: 7.227 sec
Step 636: 8.022 sec
Step 637: 8.387 sec
Step 638: 7.877 sec
Step 639: 7.448 sec
Step 640: 7.036 sec
Training Data Eval:
accuracy: 0.84375
Validation Data Eval:
accuracy: 0.43750
Step 641: 9.172 sec
Step 642: 8.625 sec
Step 643: 8.123 sec
Step 644: 7.193 sec
Step 645: 7.444 sec
Step 646: 8.033 sec
Step 647: 8.782 sec
Step 648: 7.457 sec
Step 649: 7.547 sec
Step 650: 8.006 sec
Training Data Eval:
accuracy: 1.00000
Validation Data Eval:
accuracy: 0.37500
Step 651: 7.688 sec
Step 652: 7.916 sec
Step 653: 8.840 sec
Step 654: 7.540 sec
Step 655: 7.713 sec
Step 656: 8.186 sec
Step 657: 7.104 sec
Step 658: 8.174 sec
Step 659: 7.801 sec
Step 660: 8.434 sec
Training Data Eval:
accuracy: 0.93750
Validation Data Eval:
accuracy: 0.59375
Step 661: 8.298 sec
Step 662: 7.442 sec
Step 663: 8.467 sec
Step 664: 7.568 sec
Step 665: 8.035 sec
Step 666: 8.309 sec
Step 667: 8.720 sec
Step 668: 7.361 sec
Step 669: 8.761 sec
Step 670: 7.679 sec
Training Data Eval:
accuracy: 0.93750
Validation Data Eval:
accuracy: 0.65625
Step 671: 8.003 sec
Step 672: 8.486 sec
Step 673: 7.626 sec
Step 674: 6.965 sec
Step 675: 7.150 sec
Step 676: 8.340 sec
Step 677: 7.986 sec
Step 678: 7.615 sec
Step 679: 9.120 sec
Step 680: 8.245 sec
Training Data Eval:
accuracy: 0.90625
Validation Data Eval:
accuracy: 0.65625
Step 681: 8.089 sec
Step 682: 8.322 sec
Step 683: 7.572 sec
Step 684: 8.017 sec
Step 685: 8.455 sec
Step 686: 8.036 sec
Step 687: 8.351 sec
Step 688: 7.679 sec
Step 689: 7.438 sec
Step 690: 7.911 sec
Training Data Eval:
accuracy: 1.00000
Validation Data Eval:
accuracy: 0.43750
Step 691: 8.578 sec
Step 692: 7.702 sec
Step 693: 8.782 sec
Step 694: 7.919 sec
Step 695: 7.840 sec
Step 696: 8.542 sec
Step 697: 8.186 sec
Step 698: 7.477 sec
Step 699: 6.732 sec
Step 700: 7.715 sec
Training Data Eval:
accuracy: 0.96875
Validation Data Eval:
accuracy: 0.46875
Step 701: 8.586 sec
Step 702: 7.639 sec
Step 703: 8.134 sec
Step 704: 7.453 sec
Step 705: 8.935 sec
Step 706: 7.846 sec
Step 707: 7.358 sec
Step 708: 8.157 sec
Step 709: 7.632 sec
Step 710: 7.310 sec
Training Data Eval:
accuracy: 0.81250
Validation Data Eval:
accuracy: 0.68750
Step 711: 7.201 sec
Step 712: 8.526 sec
Step 713: 6.969 sec
Step 714: 8.600 sec
Step 715: 8.557 sec
Step 716: 7.482 sec
Step 717: 8.868 sec
Step 718: 8.398 sec
Step 719: 7.565 sec
Step 720: 7.288 sec
Training Data Eval:
accuracy: 0.81250
Validation Data Eval:
accuracy: 0.43750
Step 721: 6.915 sec
Step 722: 7.742 sec
Step 723: 8.244 sec
Step 724: 8.660 sec
Step 725: 7.646 sec
Step 726: 8.031 sec
Step 727: 8.372 sec
Step 728: 7.752 sec
Step 729: 8.326 sec
Step 730: 8.437 sec
Training Data Eval:
accuracy: 0.96875
Validation Data Eval:
accuracy: 0.56250
Step 731: 7.707 sec
Step 732: 7.760 sec
Step 733: 7.990 sec
Step 734: 7.884 sec
Step 735: 7.571 sec
Step 736: 8.001 sec
Step 737: 7.440 sec
Step 738: 7.299 sec
Step 739: 7.800 sec
Step 740: 7.531 sec
Training Data Eval:
accuracy: 0.93750
Validation Data Eval:
accuracy: 0.43750
Step 741: 9.104 sec
Step 742: 8.704 sec
Step 743: 8.692 sec
Step 744: 7.851 sec
Step 745: 7.899 sec
Step 746: 8.047 sec
Step 747: 8.328 sec
Step 748: 7.009 sec
Step 749: 8.834 sec
Step 750: 8.439 sec
Training Data Eval:
accuracy: 0.96875
Validation Data Eval:
accuracy: 0.59375
Step 751: 9.073 sec
Step 752: 7.271 sec
Step 753: 9.214 sec
Step 754: 7.420 sec
Step 755: 7.678 sec
Step 756: 7.726 sec
Step 757: 7.599 sec
Step 758: 7.523 sec
Step 759: 8.376 sec
Step 760: 7.974 sec
Training Data Eval:
accuracy: 0.93750
Validation Data Eval:
accuracy: 0.56250
Step 761: 8.485 sec
Step 762: 7.505 sec
Step 763: 7.703 sec
Step 764: 7.747 sec
Step 765: 6.877 sec
Step 766: 8.927 sec
Step 767: 7.446 sec
Step 768: 7.618 sec
Step 769: 8.527 sec
Step 770: 8.446 sec
Training Data Eval:
accuracy: 0.96875
Validation Data Eval:
accuracy: 0.40625
Step 771: 6.924 sec
Step 772: 8.069 sec
Step 773: 8.404 sec
Step 774: 9.030 sec
Step 775: 9.091 sec
Step 776: 8.904 sec
Step 777: 8.702 sec
Step 778: 9.163 sec
Step 779: 8.980 sec
Step 780: 8.118 sec
Training Data Eval:
accuracy: 0.96875
Validation Data Eval:
accuracy: 0.53125
Step 781: 7.850 sec
Step 782: 7.762 sec
Step 783: 7.476 sec
Step 784: 7.708 sec
Step 785: 7.313 sec
Step 786: 7.707 sec
Step 787: 8.358 sec
Step 788: 7.894 sec
Step 789: 7.808 sec
Step 790: 7.399 sec
Training Data Eval:
accuracy: 1.00000
Validation Data Eval:
accuracy: 0.50000
Step 791: 8.194 sec
Step 792: 7.777 sec
Step 793: 7.191 sec
Step 794: 8.125 sec
Step 795: 6.742 sec
Step 796: 7.062 sec
Step 797: 9.241 sec
Step 798: 7.808 sec
Step 799: 7.500 sec
Step 800: 7.541 sec
Training Data Eval:
accuracy: 0.96875
Validation Data Eval:
accuracy: 0.59375
Step 801: 7.738 sec
Step 802: 7.462 sec
Step 803: 7.407 sec
Step 804: 7.585 sec
Step 805: 7.892 sec
Step 806: 9.429 sec
Step 807: 7.408 sec
Step 808: 7.802 sec
Step 809: 7.016 sec
Step 810: 7.607 sec
Training Data Eval:
accuracy: 0.90625
Validation Data Eval:
accuracy: 0.53125
Step 811: 7.138 sec
Step 812: 7.742 sec
Step 813: 7.313 sec
Step 814: 8.054 sec
Step 815: 8.985 sec
Step 816: 8.518 sec
Step 817: 7.362 sec
Step 818: 8.053 sec
Step 819: 6.871 sec
Step 820: 7.417 sec
Training Data Eval:
accuracy: 0.90625
Validation Data Eval:
accuracy: 0.43750
Step 821: 7.569 sec
Step 822: 7.755 sec
Step 823: 8.924 sec
Step 824: 9.566 sec
Step 825: 7.930 sec
Step 826: 7.852 sec
Step 827: 7.255 sec
Step 828: 7.228 sec
Step 829: 7.947 sec
Step 830: 6.769 sec
Training Data Eval:
accuracy: 1.00000
Validation Data Eval:
accuracy: 0.62500
Step 831: 7.543 sec
Step 832: 8.173 sec
Step 833: 8.002 sec
Step 834: 7.828 sec
Step 835: 8.504 sec
Step 836: 7.934 sec
Step 837: 7.945 sec
Step 838: 7.074 sec
Step 839: 8.265 sec
Step 840: 7.736 sec
Training Data Eval:
accuracy: 1.00000
Validation Data Eval:
accuracy: 0.46875
Step 841: 7.925 sec
Step 842: 7.963 sec
Step 843: 7.378 sec
Step 844: 9.372 sec
Step 845: 7.533 sec
Step 846: 7.342 sec
Step 847: 7.351 sec
Step 848: 7.752 sec
Step 849: 7.088 sec
Step 850: 8.218 sec
Training Data Eval:
accuracy: 0.96875
Validation Data Eval:
accuracy: 0.37500
Step 851: 7.578 sec
Step 852: 7.338 sec
Step 853: 8.227 sec
Step 854: 7.570 sec
Step 855: 7.952 sec
Step 856: 8.319 sec
Step 857: 7.230 sec
Step 858: 7.121 sec
Step 859: 8.201 sec
Step 860: 8.167 sec
Training Data Eval:
accuracy: 1.00000
Validation Data Eval:
accuracy: 0.59375
Step 861: 8.897 sec
Step 862: 9.004 sec
Step 863: 10.422 sec
Step 864: 7.029 sec
Step 865: 8.394 sec
Step 866: 8.336 sec
Step 867: 7.538 sec
Step 868: 8.052 sec
Step 869: 7.998 sec
Step 870: 8.034 sec
Training Data Eval:
accuracy: 0.96875
Validation Data Eval:
accuracy: 0.46875
Step 871: 7.893 sec
Step 872: 8.716 sec
Step 873: 7.201 sec
Step 874: 6.883 sec
Step 875: 7.088 sec
Step 876: 7.120 sec
Step 877: 7.468 sec
Step 878: 7.837 sec
Step 879: 8.007 sec
Step 880: 7.447 sec
Training Data Eval:
accuracy: 0.90625
Validation Data Eval:
accuracy: 0.25000
Step 881: 7.534 sec
Step 882: 6.898 sec
Step 883: 7.671 sec
Step 884: 7.784 sec
Step 885: 9.116 sec
Step 886: 7.178 sec
Step 887: 8.397 sec
Step 888: 7.117 sec
Step 889: 7.537 sec
Step 890: 8.091 sec
Training Data Eval:
accuracy: 0.96875
Validation Data Eval:
accuracy: 0.40625
Step 891: 7.358 sec
Step 892: 8.316 sec
Step 893: 7.581 sec
Step 894: 8.760 sec
Step 895: 8.851 sec
Step 896: 7.418 sec
Step 897: 7.630 sec
Step 898: 8.358 sec
Step 899: 7.831 sec
Step 900: 8.661 sec
Training Data Eval:
accuracy: 0.93750
Validation Data Eval:
accuracy: 0.53125
Step 901: 7.150 sec
Step 902: 8.003 sec
Step 903: 7.574 sec
Step 904: 7.049 sec
Step 905: 8.287 sec
Step 906: 7.482 sec
Step 907: 6.942 sec
Step 908: 7.965 sec
Step 909: 7.235 sec
Step 910: 7.940 sec
Training Data Eval:
accuracy: 0.93750
Validation Data Eval:
accuracy: 0.59375
Step 911: 7.872 sec
Step 912: 6.916 sec
Step 913: 7.408 sec
Step 914: 8.024 sec
Step 915: 8.325 sec
Step 916: 8.017 sec
Step 917: 7.799 sec
Step 918: 7.795 sec
Step 919: 8.191 sec
Step 920: 7.709 sec
Training Data Eval:
accuracy: 1.00000
Validation Data Eval:
accuracy: 0.46875
Step 921: 8.286 sec
Step 922: 8.003 sec
Step 923: 9.769 sec
Step 924: 7.222 sec
Step 925: 8.248 sec
Step 926: 8.232 sec
Step 927: 8.721 sec
Step 928: 8.487 sec
Step 929: 7.429 sec
Step 930: 8.095 sec
Training Data Eval:
accuracy: 0.96875
Validation Data Eval:
accuracy: 0.56250
Step 931: 6.943 sec
Step 932: 7.785 sec
Step 933: 7.829 sec
Step 934: 8.105 sec
Step 935: 7.831 sec
Step 936: 8.671 sec
Step 937: 7.763 sec
Step 938: 7.537 sec
Step 939: 7.505 sec
Step 940: 7.662 sec
Training Data Eval:
accuracy: 0.93750
Validation Data Eval:
accuracy: 0.53125
Step 941: 7.417 sec
Step 942: 7.812 sec
Step 943: 7.788 sec
Step 944: 7.933 sec
Step 945: 7.015 sec
Step 946: 8.848 sec
Step 947: 7.302 sec
Step 948: 7.877 sec
Step 949: 8.047 sec
Step 950: 7.588 sec
Training Data Eval:
accuracy: 0.93750
Validation Data Eval:
accuracy: 0.50000
Step 951: 8.174 sec
Step 952: 7.303 sec
Step 953: 7.694 sec
Step 954: 7.770 sec
Step 955: 8.945 sec
Step 956: 7.015 sec
Step 957: 6.823 sec
Step 958: 7.079 sec
Step 959: 6.607 sec
Step 960: 7.938 sec
Training Data Eval:
accuracy: 0.96875
Validation Data Eval:
accuracy: 0.56250
Step 961: 7.743 sec
Step 962: 7.818 sec
Step 963: 6.673 sec
Step 964: 8.757 sec
Step 965: 8.367 sec
Step 966: 8.049 sec
Step 967: 7.662 sec
Step 968: 7.560 sec
Step 969: 7.764 sec
Step 970: 8.237 sec
Training Data Eval:
accuracy: 0.96875
Validation Data Eval:
accuracy: 0.53125
Step 971: 7.922 sec
Step 972: 8.171 sec
Step 973: 7.106 sec
Step 974: 7.358 sec
Step 975: 7.777 sec
Step 976: 8.330 sec
Step 977: 8.953 sec
Step 978: 8.290 sec
Step 979: 8.038 sec
Step 980: 7.792 sec
Training Data Eval:
accuracy: 1.00000
Validation Data Eval:
accuracy: 0.50000
Step 981: 7.811 sec
Step 982: 8.304 sec
Step 983: 8.616 sec
Step 984: 8.292 sec
Step 985: 7.849 sec
Step 986: 8.313 sec
Step 987: 7.553 sec
Step 988: 7.852 sec
Step 989: 7.494 sec
Step 990: 7.454 sec
Training Data Eval:
accuracy: 1.00000
Validation Data Eval:
accuracy: 0.40625
Step 991: 7.474 sec
Step 992: 8.415 sec
Step 993: 7.448 sec
Step 994: 7.495 sec
Step 995: 7.041 sec
Step 996: 7.288 sec
Step 997: 7.953 sec
Step 998: 8.015 sec
Step 999: 7.428 sec
Step 1000: 8.254 sec
Training Data Eval:
accuracy: 0.96875
Validation Data Eval:
accuracy: 0.31250
Step 1001: 8.899 sec
Step 1002: 7.904 sec
Step 1003: 7.598 sec
Step 1004: 8.497 sec
Step 1005: 7.606 sec
Step 1006: 6.916 sec
Step 1007: 8.207 sec
Step 1008: 7.986 sec
Step 1009: 8.094 sec
Step 1010: 7.666 sec
Training Data Eval:
accuracy: 0.96875
Validation Data Eval:
accuracy: 0.68750
Step 1011: 8.171 sec
Step 1012: 7.758 sec
Step 1013: 8.886 sec
Step 1014: 7.414 sec
Step 1015: 8.474 sec
Step 1016: 8.421 sec
Step 1017: 8.161 sec
Step 1018: 7.343 sec
Step 1019: 8.541 sec
Step 1020: 8.313 sec
Training Data Eval:
accuracy: 1.00000
Validation Data Eval:
accuracy: 0.71875
Step 1021: 7.588 sec
Step 1022: 7.603 sec
Step 1023: 7.032 sec
Step 1024: 7.937 sec
Step 1025: 8.891 sec
Step 1026: 7.595 sec
Step 1027: 8.235 sec
Step 1028: 7.332 sec
Step 1029: 7.665 sec
Step 1030: 8.073 sec
Training Data Eval:
accuracy: 1.00000
Validation Data Eval:
accuracy: 0.34375
Step 1031: 7.464 sec
Step 1032: 8.530 sec
Step 1033: 7.646 sec
Step 1034: 8.184 sec
Step 1035: 7.115 sec
Step 1036: 7.835 sec
Step 1037: 8.042 sec
Step 1038: 8.719 sec
Step 1039: 8.552 sec
Step 1040: 7.881 sec
Training Data Eval:
accuracy: 0.93750
Validation Data Eval:
accuracy: 0.56250
Step 1041: 7.980 sec
Step 1042: 6.692 sec
Step 1043: 6.877 sec
Step 1044: 7.569 sec
Step 1045: 8.224 sec
Step 1046: 7.794 sec
Step 1047: 7.687 sec
Step 1048: 9.338 sec
Step 1049: 7.781 sec
Step 1050: 9.177 sec
Training Data Eval:
accuracy: 1.00000
Validation Data Eval:
accuracy: 0.50000
Step 1051: 7.740 sec
Step 1052: 7.569 sec
Step 1053: 7.567 sec
Step 1054: 7.644 sec
Step 1055: 8.321 sec
Step 1056: 8.484 sec
Step 1057: 8.579 sec
Step 1058: 8.186 sec
Step 1059: 7.508 sec
Step 1060: 8.126 sec
Training Data Eval:
accuracy: 1.00000
Validation Data Eval:
accuracy: 0.46875
Step 1061: 8.482 sec
Step 1062: 7.643 sec
Step 1063: 7.665 sec
Step 1064: 8.585 sec
Step 1065: 8.970 sec
Step 1066: 9.750 sec
Step 1067: 7.769 sec
Step 1068: 8.044 sec
Step 1069: 7.601 sec
Step 1070: 8.498 sec
Training Data Eval:
accuracy: 0.96875
Validation Data Eval:
accuracy: 0.50000
Step 1071: 7.700 sec
Step 1072: 8.462 sec
Step 1073: 7.894 sec
Step 1074: 7.614 sec
Step 1075: 8.656 sec
Step 1076: 7.722 sec
Step 1077: 7.582 sec
Step 1078: 8.114 sec
Step 1079: 7.563 sec
Step 1080: 8.155 sec
Training Data Eval:
accuracy: 0.87500
Validation Data Eval:
accuracy: 0.59375
Step 1081: 7.742 sec
Step 1082: 8.953 sec
Step 1083: 7.715 sec
Step 1084: 9.086 sec
Step 1085: 7.729 sec
Step 1086: 8.132 sec
Step 1087: 8.382 sec
Step 1088: 7.797 sec
Step 1089: 7.637 sec
Step 1090: 7.999 sec
Training Data Eval:
accuracy: 1.00000
Validation Data Eval:
accuracy: 0.53125
Step 1091: 7.607 sec
Step 1092: 7.169 sec
Step 1093: 8.656 sec
Step 1094: 7.758 sec
Step 1095: 8.359 sec
Step 1096: 7.281 sec
Step 1097: 7.700 sec
Step 1098: 7.880 sec
Step 1099: 7.620 sec
Step 1100: 8.102 sec
Training Data Eval:
accuracy: 0.93750
Validation Data Eval:
accuracy: 0.46875
Step 1101: 7.521 sec
Step 1102: 8.010 sec
Step 1103: 7.795 sec
Step 1104: 8.090 sec
Step 1105: 7.542 sec
Step 1106: 8.009 sec
Step 1107: 8.572 sec
Step 1108: 8.242 sec
Step 1109: 7.119 sec
Step 1110: 8.149 sec
Training Data Eval:
accuracy: 1.00000
Validation Data Eval:
accuracy: 0.46875
Step 1111: 8.604 sec
Step 1112: 8.301 sec
Step 1113: 9.656 sec
Step 1114: 7.932 sec
Step 1115: 8.980 sec
Step 1116: 8.164 sec
Step 1117: 7.713 sec
Step 1118: 7.137 sec
Step 1119: 8.030 sec
Step 1120: 8.729 sec
Training Data Eval:
accuracy: 1.00000
Validation Data Eval:
accuracy: 0.50000
Step 1121: 8.215 sec
Step 1122: 7.205 sec
Step 1123: 8.227 sec
Step 1124: 7.379 sec
Step 1125: 7.627 sec
Step 1126: 7.232 sec
Step 1127: 7.115 sec
Step 1128: 7.309 sec
Step 1129: 7.661 sec
Step 1130: 8.890 sec
Training Data Eval:
accuracy: 1.00000
Validation Data Eval:
accuracy: 0.62500
Step 1131: 8.189 sec
Step 1132: 7.862 sec
Step 1133: 8.741 sec
Step 1134: 8.446 sec
Step 1135: 7.656 sec
Step 1136: 8.104 sec
Step 1137: 8.276 sec
Step 1138: 8.498 sec
Step 1139: 8.102 sec
Step 1140: 7.885 sec
Training Data Eval:
accuracy: 1.00000
Validation Data Eval:
accuracy: 0.53125
Step 1141: 10.006 sec
Step 1142: 8.692 sec
Step 1143: 7.975 sec
Step 1144: 7.510 sec
Step 1145: 8.106 sec
Step 1146: 7.244 sec
Step 1147: 6.850 sec
Step 1148: 8.743 sec
Step 1149: 7.972 sec
Step 1150: 7.992 sec
Training Data Eval:
accuracy: 0.93750
Validation Data Eval:
accuracy: 0.53125
Step 1151: 7.115 sec
Step 1152: 7.887 sec
Step 1153: 7.128 sec
Step 1154: 7.519 sec
Step 1155: 7.908 sec
Step 1156: 8.803 sec
Step 1157: 8.803 sec
Step 1158: 8.578 sec
Step 1159: 8.928 sec
Step 1160: 8.050 sec
Training Data Eval:
accuracy: 1.00000
Validation Data Eval:
accuracy: 0.68750
Step 1161: 7.735 sec
Step 1162: 7.600 sec
Step 1163: 7.812 sec
Step 1164: 8.383 sec
Step 1165: 8.017 sec
Step 1166: 8.451 sec
Step 1167: 7.378 sec
Step 1168: 7.742 sec
Step 1169: 8.200 sec
Step 1170: 8.281 sec
Training Data Eval:
accuracy: 0.96875
Validation Data Eval:
accuracy: 0.56250
Step 1171: 7.583 sec
Step 1172: 8.256 sec
Step 1173: 7.009 sec
Step 1174: 7.606 sec
Step 1175: 7.735 sec
Step 1176: 7.398 sec
Step 1177: 8.438 sec
Step 1178: 8.790 sec
Step 1179: 7.974 sec
Step 1180: 7.893 sec
Training Data Eval:
accuracy: 1.00000
Validation Data Eval:
accuracy: 0.56250
Step 1181: 8.286 sec
Step 1182: 8.369 sec
Step 1183: 8.719 sec
Step 1184: 7.911 sec
Step 1185: 7.590 sec
Step 1186: 7.704 sec
Step 1187: 8.814 sec
Step 1188: 8.169 sec
Step 1189: 7.127 sec
Step 1190: 7.819 sec
Training Data Eval:
accuracy: 0.96875
Validation Data Eval:
accuracy: 0.65625
Step 1191: 9.057 sec
Step 1192: 8.190 sec
Step 1193: 9.091 sec
Step 1194: 7.575 sec
Step 1195: 7.542 sec
Step 1196: 7.357 sec
Step 1197: 7.560 sec
Step 1198: 8.364 sec
Step 1199: 7.351 sec
Step 1200: 7.525 sec
Training Data Eval:
accuracy: 1.00000
Validation Data Eval:
accuracy: 0.59375
Step 1201: 7.874 sec
Step 1202: 8.032 sec
Step 1203: 9.742 sec
Step 1204: 8.089 sec
Step 1205: 7.684 sec
Step 1206: 7.173 sec
Step 1207: 7.341 sec
Step 1208: 8.425 sec
Step 1209: 7.426 sec
Step 1210: 8.088 sec
Training Data Eval:
accuracy: 0.96875
Validation Data Eval:
accuracy: 0.50000
Step 1211: 7.877 sec
Step 1212: 8.818 sec
Step 1213: 7.903 sec
Step 1214: 7.847 sec
Step 1215: 7.914 sec
Step 1216: 7.931 sec
Step 1217: 7.059 sec
Step 1218: 8.585 sec
Step 1219: 6.638 sec
Step 1220: 7.656 sec
Training Data Eval:
accuracy: 1.00000
Validation Data Eval:
accuracy: 0.65625
Step 1221: 8.118 sec
Step 1222: 7.968 sec
Step 1223: 8.109 sec
Step 1224: 8.049 sec
Step 1225: 7.671 sec
Step 1226: 7.358 sec
Step 1227: 8.855 sec
Step 1228: 7.096 sec
Step 1229: 8.244 sec
Step 1230: 9.129 sec
Training Data Eval:
accuracy: 1.00000
Validation Data Eval:
accuracy: 0.56250
Step 1231: 7.472 sec
Step 1232: 8.836 sec
Step 1233: 7.747 sec
Step 1234: 7.283 sec
Step 1235: 7.731 sec
Step 1236: 7.794 sec
Step 1237: 7.834 sec
Step 1238: 7.720 sec
Step 1239: 8.697 sec
Step 1240: 8.707 sec
Training Data Eval:
accuracy: 1.00000
Validation Data Eval:
accuracy: 0.46875
Step 1241: 7.179 sec
Step 1242: 7.294 sec
Step 1243: 7.429 sec
Step 1244: 7.890 sec
Step 1245: 6.693 sec
Step 1246: 7.608 sec
Step 1247: 8.978 sec
Step 1248: 8.767 sec
Step 1249: 9.470 sec
Step 1250: 7.622 sec
Training Data Eval:
accuracy: 1.00000
Validation Data Eval:
accuracy: 0.43750
Step 1251: 7.621 sec
Step 1252: 7.608 sec
Step 1253: 7.770 sec
Step 1254: 7.879 sec
Step 1255: 8.246 sec
Step 1256: 8.962 sec
Step 1257: 8.907 sec
Step 1258: 9.932 sec
Step 1259: 7.666 sec
Step 1260: 7.815 sec
Training Data Eval:
accuracy: 1.00000
Validation Data Eval:
accuracy: 0.53125
Step 1261: 7.503 sec
Step 1262: 8.257 sec
Step 1263: 7.822 sec
Step 1264: 7.425 sec
Step 1265: 8.228 sec
Step 1266: 7.845 sec
Step 1267: 8.278 sec
Step 1268: 8.208 sec
Step 1269: 8.777 sec
Step 1270: 8.457 sec
Training Data Eval:
accuracy: 1.00000
Validation Data Eval:
accuracy: 0.56250
Step 1271: 8.502 sec
Step 1272: 9.108 sec
Step 1273: 8.022 sec
Step 1274: 8.052 sec
Step 1275: 8.316 sec
Step 1276: 9.012 sec
Step 1277: 7.825 sec
Step 1278: 9.156 sec
Step 1279: 7.465 sec
Step 1280: 8.093 sec
Training Data Eval:
accuracy: 1.00000
Validation Data Eval:
accuracy: 0.59375
Step 1281: 9.315 sec
Step 1282: 7.806 sec
Step 1283: 8.171 sec
Step 1284: 9.662 sec
Step 1285: 6.969 sec
Step 1286: 7.225 sec
Step 1287: 7.605 sec
Step 1288: 8.368 sec
Step 1289: 7.664 sec
Step 1290: 7.365 sec
Training Data Eval:
accuracy: 0.96875
Validation Data Eval:
accuracy: 0.50000
Step 1291: 7.399 sec
Step 1292: 7.168 sec
Step 1293: 7.989 sec
Step 1294: 7.981 sec
Step 1295: 8.292 sec
Step 1296: 7.655 sec
Step 1297: 7.314 sec
Step 1298: 8.068 sec
Step 1299: 7.317 sec
Step 1300: 7.294 sec
Training Data Eval:
accuracy: 1.00000
Validation Data Eval:
accuracy: 0.46875
Step 1301: 7.477 sec
Step 1302: 7.757 sec
Step 1303: 9.000 sec
Step 1304: 8.263 sec
Step 1305: 8.520 sec
Step 1306: 7.349 sec
Step 1307: 7.484 sec
Step 1308: 7.260 sec
Step 1309: 6.890 sec
Step 1310: 7.583 sec
Training Data Eval:
accuracy: 1.00000
Validation Data Eval:
accuracy: 0.50000
Step 1311: 8.300 sec
Step 1312: 7.644 sec
Step 1313: 7.945 sec
Step 1314: 7.414 sec
Step 1315: 8.289 sec
Step 1316: 7.946 sec
Step 1317: 7.525 sec
Step 1318: 9.303 sec
Step 1319: 7.213 sec
Step 1320: 7.561 sec
Training Data Eval:
accuracy: 0.96875
Validation Data Eval:
accuracy: 0.53125
Step 1321: 8.748 sec
Step 1322: 7.508 sec
Step 1323: 7.239 sec
Step 1324: 8.632 sec
Step 1325: 7.756 sec
Step 1326: 7.274 sec
Step 1327: 7.371 sec
Step 1328: 8.098 sec
Step 1329: 8.232 sec
Step 1330: 7.431 sec
Training Data Eval:
accuracy: 1.00000
Validation Data Eval:
accuracy: 0.50000
Step 1331: 7.869 sec
Step 1332: 8.082 sec
Step 1333: 7.238 sec
Step 1334: 7.827 sec
Step 1335: 7.462 sec
Step 1336: 9.419 sec
Step 1337: 6.772 sec
Step 1338: 7.830 sec
Step 1339: 7.589 sec
Step 1340: 7.934 sec
Training Data Eval:
accuracy: 1.00000
Validation Data Eval:
accuracy: 0.50000
Step 1341: 8.401 sec
Step 1342: 9.163 sec
Step 1343: 9.431 sec
Step 1344: 7.862 sec
Step 1345: 7.908 sec
Step 1346: 7.022 sec
Step 1347: 7.664 sec
Step 1348: 8.547 sec
Step 1349: 8.856 sec
Step 1350: 8.324 sec
Training Data Eval:
accuracy: 1.00000
Validation Data Eval:
accuracy: 0.53125
Step 1351: 8.130 sec
Step 1352: 7.651 sec
Step 1353: 8.540 sec
Step 1354: 7.551 sec
Step 1355: 7.204 sec
Step 1356: 7.489 sec
Step 1357: 7.949 sec
Step 1358: 7.997 sec
Step 1359: 8.113 sec
Step 1360: 7.453 sec
Training Data Eval:
accuracy: 0.96875
Validation Data Eval:
accuracy: 0.53125
Step 1361: 7.455 sec
Step 1362: 7.537 sec
Step 1363: 7.413 sec
Step 1364: 8.350 sec
Step 1365: 7.892 sec
Step 1366: 7.544 sec
Step 1367: 7.762 sec
Step 1368: 9.132 sec
Step 1369: 7.724 sec
Step 1370: 7.558 sec
Training Data Eval:
accuracy: 1.00000
Validation Data Eval:
accuracy: 0.56250
Step 1371: 8.351 sec
Step 1372: 8.417 sec
Step 1373: 7.143 sec
Step 1374: 7.776 sec
Step 1375: 8.252 sec
Step 1376: 8.396 sec
Step 1377: 8.556 sec
Step 1378: 8.246 sec
Step 1379: 8.001 sec
Step 1380: 7.914 sec
Training Data Eval:
accuracy: 1.00000
Validation Data Eval:
accuracy: 0.65625
Step 1381: 8.004 sec
Step 1382: 7.042 sec
Step 1383: 7.422 sec
Step 1384: 7.896 sec
Step 1385: 7.987 sec
Step 1386: 7.992 sec
Step 1387: 6.894 sec
Step 1388: 8.106 sec
Step 1389: 7.823 sec
Step 1390: 7.403 sec
Training Data Eval:
accuracy: 0.93750
Validation Data Eval:
accuracy: 0.65625
Step 1391: 7.695 sec
Step 1392: 8.527 sec
Step 1393: 7.412 sec
Step 1394: 6.914 sec
Step 1395: 8.508 sec
Step 1396: 7.586 sec
Step 1397: 7.466 sec
Step 1398: 7.775 sec
Step 1399: 7.199 sec
Step 1400: 6.987 sec
Training Data Eval:
accuracy: 1.00000
Validation Data Eval:
accuracy: 0.53125
Step 1401: 6.730 sec
Step 1402: 8.115 sec
Step 1403: 8.356 sec
Step 1404: 6.877 sec
Step 1405: 8.254 sec
Step 1406: 8.290 sec
Step 1407: 9.280 sec
Step 1408: 8.065 sec
Step 1409: 7.406 sec
Step 1410: 8.031 sec
Training Data Eval:
accuracy: 1.00000
Validation Data Eval:
accuracy: 0.50000
Step 1411: 7.445 sec
Step 1412: 9.309 sec
Step 1413: 8.449 sec
Step 1414: 9.773 sec
Step 1415: 7.888 sec
Step 1416: 6.787 sec
Step 1417: 7.486 sec
Step 1418: 8.283 sec
Step 1419: 7.321 sec
Step 1420: 7.626 sec
Training Data Eval:
accuracy: 1.00000
Validation Data Eval:
accuracy: 0.56250
Step 1421: 7.694 sec
Step 1422: 8.297 sec
Step 1423: 9.401 sec
Step 1424: 9.818 sec
Step 1425: 7.381 sec
Step 1426: 8.462 sec
Step 1427: 7.657 sec
Step 1428: 7.039 sec
Step 1429: 8.355 sec
Step 1430: 7.963 sec
Training Data Eval:
accuracy: 1.00000
Validation Data Eval:
accuracy: 0.53125
Step 1431: 6.854 sec
Step 1432: 8.795 sec
Step 1433: 7.971 sec
Step 1434: 7.832 sec
Step 1435: 7.077 sec
Step 1436: 7.563 sec
Step 1437: 7.667 sec
Step 1438: 6.901 sec
Step 1439: 7.049 sec
Step 1440: 8.775 sec
Training Data Eval:
accuracy: 1.00000
Validation Data Eval:
accuracy: 0.43750
Step 1441: 7.835 sec
Step 1442: 8.293 sec
Step 1443: 7.505 sec
Step 1444: 7.017 sec
Step 1445: 7.068 sec
Step 1446: 8.338 sec
Step 1447: 6.487 sec
Step 1448: 6.521 sec
Step 1449: 8.628 sec
Step 1450: 7.709 sec
Training Data Eval:
accuracy: 0.96875
Validation Data Eval:
accuracy: 0.68750
Step 1451: 8.601 sec
Step 1452: 7.575 sec
Step 1453: 7.825 sec
Step 1454: 8.222 sec
Step 1455: 7.344 sec
Step 1456: 8.033 sec
Step 1457: 8.120 sec
Step 1458: 7.988 sec
Step 1459: 9.122 sec
Step 1460: 8.651 sec
Training Data Eval:
accuracy: 1.00000
Validation Data Eval:
accuracy: 0.43750
Step 1461: 8.539 sec
Step 1462: 7.724 sec
Step 1463: 7.054 sec
Step 1464: 8.134 sec
Step 1465: 8.038 sec
Step 1466: 6.601 sec
Step 1467: 7.179 sec
Step 1468: 7.744 sec
Step 1469: 8.064 sec
Step 1470: 9.275 sec
Training Data Eval:
accuracy: 1.00000
Validation Data Eval:
accuracy: 0.53125
Step 1471: 8.182 sec
Step 1472: 7.854 sec
Step 1473: 8.346 sec
Step 1474: 8.142 sec
Step 1475: 8.413 sec
Step 1476: 8.345 sec
Step 1477: 7.915 sec
Step 1478: 8.474 sec
Step 1479: 8.185 sec
Step 1480: 8.325 sec
Training Data Eval:
accuracy: 0.96875
Validation Data Eval:
accuracy: 0.53125
Step 1481: 7.430 sec
Step 1482: 7.855 sec
Step 1483: 8.308 sec
Step 1484: 8.388 sec
Step 1485: 8.371 sec
Step 1486: 8.481 sec
Step 1487: 7.770 sec
Step 1488: 8.293 sec
Step 1489: 7.744 sec
Step 1490: 7.689 sec
Training Data Eval:
accuracy: 1.00000
Validation Data Eval:
accuracy: 0.53125
Step 1491: 8.968 sec
Step 1492: 7.992 sec
Step 1493: 7.682 sec
Step 1494: 8.189 sec
Step 1495: 8.492 sec
Step 1496: 8.816 sec
Step 1497: 9.045 sec
Step 1498: 7.460 sec
Step 1499: 6.997 sec
Step 1500: 7.178 sec
Training Data Eval:
accuracy: 1.00000
Validation Data Eval:
accuracy: 0.62500
Step 1501: 7.921 sec
Step 1502: 7.986 sec
Step 1503: 8.139 sec
Step 1504: 7.270 sec
Step 1505: 7.411 sec
Step 1506: 9.235 sec
Step 1507: 7.833 sec
Step 1508: 8.091 sec
Step 1509: 8.243 sec
Step 1510: 8.325 sec
Training Data Eval:
accuracy: 1.00000
Validation Data Eval:
accuracy: 0.53125
Step 1511: 7.300 sec
Step 1512: 7.821 sec
Step 1513: 7.948 sec
Step 1514: 7.970 sec
Step 1515: 8.578 sec
Step 1516: 7.619 sec
Step 1517: 6.569 sec
Step 1518: 7.959 sec
Step 1519: 7.499 sec
Step 1520: 8.661 sec
Training Data Eval:
accuracy: 1.00000
Validation Data Eval:
accuracy: 0.56250
Step 1521: 7.834 sec
Step 1522: 7.572 sec
Step 1523: 7.853 sec
Step 1524: 8.023 sec
Step 1525: 8.094 sec
Step 1526: 7.010 sec
Step 1527: 7.220 sec
Step 1528: 8.499 sec
Step 1529: 8.197 sec
Step 1530: 7.739 sec
Training Data Eval:
accuracy: 0.90625
Validation Data Eval:
accuracy: 0.56250
Step 1531: 8.133 sec
Step 1532: 6.758 sec
Step 1533: 7.226 sec
Step 1534: 9.275 sec
Step 1535: 8.106 sec
Step 1536: 7.553 sec
Step 1537: 8.214 sec
Step 1538: 8.312 sec
Step 1539: 7.962 sec
Step 1540: 7.226 sec
Training Data Eval:
accuracy: 0.93750
Validation Data Eval:
accuracy: 0.75000
Step 1541: 7.174 sec
Step 1542: 8.191 sec
Step 1543: 9.106 sec
Step 1544: 7.855 sec
Step 1545: 9.224 sec
Step 1546: 6.873 sec
Step 1547: 7.056 sec
Step 1548: 8.232 sec
Step 1549: 7.518 sec
Step 1550: 7.221 sec
Training Data Eval:
accuracy: 1.00000
Validation Data Eval:
accuracy: 0.53125
Step 1551: 7.422 sec
Step 1552: 8.913 sec
Step 1553: 7.717 sec
Step 1554: 7.063 sec
Step 1555: 7.405 sec
Step 1556: 7.677 sec
Step 1557: 7.777 sec
Step 1558: 7.706 sec
Step 1559: 7.713 sec
Step 1560: 8.818 sec
Training Data Eval:
accuracy: 1.00000
Validation Data Eval:
accuracy: 0.56250
Step 1561: 8.618 sec
Step 1562: 7.817 sec
Step 1563: 7.784 sec
Step 1564: 8.047 sec
Step 1565: 8.471 sec
Step 1566: 9.119 sec
Step 1567: 6.656 sec
Step 1568: 7.222 sec
Step 1569: 8.610 sec
Step 1570: 7.057 sec
Training Data Eval:
accuracy: 1.00000
Validation Data Eval:
accuracy: 0.56250
Step 1571: 8.315 sec
Step 1572: 7.396 sec
Step 1573: 8.039 sec
Step 1574: 7.640 sec
Step 1575: 8.166 sec
Step 1576: 7.824 sec
Step 1577: 8.001 sec
Step 1578: 7.559 sec
Step 1579: 7.055 sec
Step 1580: 8.175 sec
Training Data Eval:
accuracy: 0.96875
Validation Data Eval:
accuracy: 0.59375
Step 1581: 7.639 sec
Step 1582: 7.903 sec
Step 1583: 8.421 sec
Step 1584: 7.771 sec
Step 1585: 7.778 sec
Step 1586: 7.493 sec
Step 1587: 7.625 sec
Step 1588: 8.114 sec
Step 1589: 8.539 sec
Step 1590: 8.800 sec
Training Data Eval:
accuracy: 1.00000
Validation Data Eval:
accuracy: 0.56250
Step 1591: 7.345 sec
Step 1592: 7.501 sec
Step 1593: 8.047 sec
Step 1594: 8.511 sec
Step 1595: 7.437 sec
Step 1596: 7.862 sec
Step 1597: 7.040 sec
Step 1598: 8.095 sec
Step 1599: 8.573 sec
Step 1600: 8.695 sec
Training Data Eval:
accuracy: 1.00000
Validation Data Eval:
accuracy: 0.53125
Step 1601: 7.897 sec
Step 1602: 8.133 sec
Step 1603: 9.871 sec
Step 1604: 8.430 sec
Step 1605: 8.190 sec
Step 1606: 8.721 sec
Step 1607: 9.961 sec
Step 1608: 8.436 sec
Step 1609: 8.051 sec
Step 1610: 8.686 sec
Training Data Eval:
accuracy: 1.00000
Validation Data Eval:
accuracy: 0.56250
Step 1611: 8.062 sec
Step 1612: 8.414 sec
Step 1613: 9.494 sec
Step 1614: 8.552 sec
Step 1615: 8.713 sec
Step 1616: 8.155 sec
Step 1617: 9.326 sec
Step 1618: 7.813 sec
Step 1619: 7.931 sec
Step 1620: 8.176 sec
Training Data Eval:
accuracy: 1.00000
Validation Data Eval:
accuracy: 0.46875
Step 1621: 8.035 sec
Step 1622: 8.731 sec
Step 1623: 7.830 sec
Step 1624: 8.003 sec
Step 1625: 7.372 sec
Step 1626: 7.897 sec
Step 1627: 10.104 sec
Step 1628: 8.003 sec
Step 1629: 7.617 sec
Step 1630: 6.902 sec
Training Data Eval:
accuracy: 0.96875
Validation Data Eval:
accuracy: 0.43750
Step 1631: 8.177 sec
Step 1632: 8.630 sec
Step 1633: 10.120 sec
Step 1634: 10.057 sec
Step 1635: 8.282 sec
Step 1636: 7.879 sec
Step 1637: 8.364 sec
Step 1638: 7.880 sec
Step 1639: 8.855 sec
Step 1640: 8.449 sec
Training Data Eval:
accuracy: 1.00000
Validation Data Eval:
accuracy: 0.53125
Step 1641: 8.442 sec
Step 1642: 7.525 sec
Step 1643: 9.192 sec
Step 1644: 8.610 sec
Step 1645: 9.090 sec
Step 1646: 8.345 sec
Step 1647: 7.398 sec
Step 1648: 9.088 sec
Step 1649: 7.315 sec
Step 1650: 9.560 sec
Training Data Eval:
accuracy: 1.00000
Validation Data Eval:
accuracy: 0.65625
Step 1651: 6.884 sec
Step 1652: 7.898 sec
Step 1653: 8.914 sec
Step 1654: 10.408 sec
Step 1655: 8.637 sec
Step 1656: 8.751 sec
Step 1657: 9.418 sec
Step 1658: 8.451 sec
Step 1659: 7.638 sec
Step 1660: 8.342 sec
Training Data Eval:
accuracy: 1.00000
Validation Data Eval:
accuracy: 0.43750
Step 1661: 8.851 sec
Step 1662: 8.261 sec
Step 1663: 8.301 sec
Step 1664: 8.824 sec
Step 1665: 7.683 sec
Step 1666: 8.169 sec
Step 1667: 9.714 sec
Step 1668: 8.108 sec
Step 1669: 8.785 sec
Step 1670: 8.174 sec
Training Data Eval:
accuracy: 1.00000
Validation Data Eval:
accuracy: 0.62500
Step 1671: 7.459 sec
Step 1672: 7.810 sec
Step 1673: 8.191 sec
Step 1674: 8.996 sec
Step 1675: 8.649 sec
Step 1676: 8.899 sec
Step 1677: 8.283 sec
Step 1678: 7.919 sec
Step 1679: 9.698 sec
Step 1680: 7.705 sec
Training Data Eval:
accuracy: 1.00000
Validation Data Eval:
accuracy: 0.65625
Step 1681: 7.550 sec
Step 1682: 8.013 sec
Step 1683: 9.503 sec
Step 1684: 10.247 sec
Step 1685: 7.314 sec
Step 1686: 8.769 sec
Step 1687: 7.623 sec
Step 1688: 8.721 sec
Step 1689: 8.274 sec
Step 1690: 8.125 sec
Training Data Eval:
accuracy: 1.00000
Validation Data Eval:
accuracy: 0.53125
Step 1691: 7.354 sec
Step 1692: 8.339 sec
Step 1693: 10.691 sec
Step 1694: 8.399 sec
Step 1695: 7.347 sec
Step 1696: 7.935 sec
Step 1697: 8.627 sec
Step 1698: 9.022 sec
Step 1699: 7.276 sec
Step 1700: 9.089 sec
Training Data Eval:
accuracy: 0.93750
Validation Data Eval:
accuracy: 0.59375
Step 1701: 8.080 sec
Step 1702: 8.129 sec
Step 1703: 8.989 sec
Step 1704: 7.726 sec
Step 1705: 8.213 sec
Step 1706: 8.595 sec
Step 1707: 7.990 sec
Step 1708: 7.741 sec
Step 1709: 7.891 sec
Step 1710: 7.120 sec
Training Data Eval:
accuracy: 1.00000
Validation Data Eval:
accuracy: 0.37500
Step 1711: 8.434 sec
Step 1712: 7.280 sec
Step 1713: 8.983 sec
Step 1714: 9.583 sec
Step 1715: 7.442 sec
Step 1716: 7.984 sec
Step 1717: 7.954 sec
Step 1718: 8.429 sec
Step 1719: 9.529 sec
Step 1720: 8.137 sec
Training Data Eval:
accuracy: 0.96875
Validation Data Eval:
accuracy: 0.53125
Step 1721: 8.268 sec
Step 1722: 7.742 sec
Step 1723: 6.888 sec
Step 1724: 8.675 sec
Step 1725: 8.060 sec
Step 1726: 8.138 sec
Step 1727: 7.216 sec
Step 1728: 8.544 sec
Step 1729: 7.736 sec
Step 1730: 7.438 sec
Training Data Eval:
accuracy: 1.00000
Validation Data Eval:
accuracy: 0.56250
Step 1731: 8.243 sec
Step 1732: 7.883 sec
Step 1733: 9.739 sec
Step 1734: 8.600 sec
Step 1735: 7.493 sec
Step 1736: 8.118 sec
Step 1737: 8.072 sec
Step 1738: 7.857 sec
Step 1739: 7.916 sec
Step 1740: 6.955 sec
Training Data Eval:
accuracy: 1.00000
Validation Data Eval:
accuracy: 0.59375
Step 1741: 7.013 sec
Step 1742: 8.269 sec
Step 1743: 9.008 sec
Step 1744: 8.029 sec
Step 1745: 7.518 sec
Step 1746: 8.439 sec
Step 1747: 9.492 sec
Step 1748: 7.487 sec
Step 1749: 7.871 sec
Step 1750: 8.452 sec
Training Data Eval:
accuracy: 0.96875
Validation Data Eval:
accuracy: 0.53125
Step 1751: 10.068 sec
Step 1752: 7.575 sec
Step 1753: 8.248 sec
Step 1754: 7.975 sec
Step 1755: 8.186 sec
Step 1756: 8.463 sec
Step 1757: 7.210 sec
Step 1758: 7.423 sec
Step 1759: 8.457 sec
Step 1760: 8.720 sec
Training Data Eval:
accuracy: 1.00000
Validation Data Eval:
accuracy: 0.59375
Step 1761: 7.661 sec
Step 1762: 8.309 sec
Step 1763: 7.665 sec
Step 1764: 9.313 sec
Step 1765: 7.720 sec
Step 1766: 8.771 sec
Step 1767: 8.005 sec
Step 1768: 8.513 sec
Step 1769: 9.480 sec
Step 1770: 8.621 sec
Training Data Eval:
accuracy: 1.00000
Validation Data Eval:
accuracy: 0.53125
Step 1771: 7.435 sec
Step 1772: 10.393 sec
Step 1773: 8.772 sec
Step 1774: 7.017 sec
Step 1775: 7.797 sec
Step 1776: 8.083 sec
Step 1777: 7.418 sec
Step 1778: 7.126 sec
Step 1779: 8.638 sec
Step 1780: 7.409 sec
Training Data Eval:
accuracy: 0.96875
Validation Data Eval:
accuracy: 0.40625
Step 1781: 8.508 sec
Step 1782: 8.868 sec
Step 1783: 8.146 sec
Step 1784: 8.680 sec
Step 1785: 8.412 sec
Step 1786: 8.056 sec
Step 1787: 8.713 sec
Step 1788: 8.445 sec
Step 1789: 7.192 sec
Step 1790: 7.320 sec
Training Data Eval:
accuracy: 1.00000
Validation Data Eval:
accuracy: 0.53125
Step 1791: 8.169 sec
Step 1792: 8.004 sec
Step 1793: 8.269 sec
Step 1794: 8.827 sec
Step 1795: 6.727 sec
Step 1796: 7.967 sec
Step 1797: 8.559 sec
Step 1798: 8.637 sec
Step 1799: 7.183 sec
Step 1800: 9.387 sec
Training Data Eval:
accuracy: 1.00000
Validation Data Eval:
accuracy: 0.62500
Step 1801: 7.967 sec
Step 1802: 8.404 sec
Step 1803: 8.144 sec
Step 1804: 8.672 sec
Step 1805: 8.026 sec
Step 1806: 8.997 sec
Step 1807: 7.932 sec
Step 1808: 8.651 sec
Step 1809: 8.948 sec
Step 1810: 7.731 sec
Training Data Eval:
accuracy: 1.00000
Validation Data Eval:
accuracy: 0.62500
Step 1811: 7.989 sec
Step 1812: 8.796 sec
Step 1813: 9.422 sec
Step 1814: 8.172 sec
Step 1815: 7.898 sec
Step 1816: 8.239 sec
Step 1817: 8.983 sec
Step 1818: 9.172 sec
Step 1819: 7.933 sec
Step 1820: 9.172 sec
Training Data Eval:
accuracy: 1.00000
Validation Data Eval:
accuracy: 0.59375
Step 1821: 8.534 sec
Step 1822: 8.049 sec
Step 1823: 9.598 sec
Step 1824: 9.099 sec
Step 1825: 8.237 sec
Step 1826: 7.796 sec
Step 1827: 8.177 sec
Step 1828: 7.726 sec
Step 1829: 7.699 sec
Step 1830: 7.928 sec
Training Data Eval:
accuracy: 0.96875
Validation Data Eval:
accuracy: 0.43750
Step 1831: 8.368 sec
Step 1832: 7.918 sec
Step 1833: 10.144 sec
Step 1834: 8.042 sec
Step 1835: 8.326 sec
Step 1836: 9.538 sec
Step 1837: 7.485 sec
Step 1838: 8.310 sec
Step 1839: 8.019 sec
Step 1840: 8.368 sec
Training Data Eval:
accuracy: 1.00000
Validation Data Eval:
accuracy: 0.59375
Step 1841: 8.806 sec
Step 1842: 8.922 sec
Step 1843: 8.820 sec
Step 1844: 7.517 sec
Step 1845: 8.922 sec
Step 1846: 8.546 sec
Step 1847: 8.148 sec
Step 1848: 8.482 sec
Step 1849: 8.185 sec
Step 1850: 8.097 sec
Training Data Eval:
accuracy: 1.00000
Validation Data Eval:
accuracy: 0.46875
Step 1851: 7.677 sec
Step 1852: 8.574 sec
Step 1853: 9.892 sec
Step 1854: 7.276 sec
Step 1855: 8.046 sec
Step 1856: 7.517 sec
Step 1857: 9.560 sec
Step 1858: 7.109 sec
Step 1859: 8.252 sec
Step 1860: 8.733 sec
Training Data Eval:
accuracy: 1.00000
Validation Data Eval:
accuracy: 0.53125
Step 1861: 8.549 sec
Step 1862: 8.516 sec
Step 1863: 9.988 sec
Step 1864: 8.678 sec
Step 1865: 8.590 sec
Step 1866: 8.479 sec
Step 1867: 8.279 sec
Step 1868: 8.487 sec
Step 1869: 8.493 sec
Step 1870: 9.763 sec
Training Data Eval:
accuracy: 0.93750
Validation Data Eval:
accuracy: 0.59375
Step 1871: 8.758 sec
Step 1872: 9.037 sec
Step 1873: 8.238 sec
Step 1874: 9.240 sec
Step 1875: 8.457 sec
Step 1876: 8.631 sec
Step 1877: 9.107 sec
Step 1878: 9.660 sec
Step 1879: 8.045 sec
Step 1880: 7.661 sec
Training Data Eval:
accuracy: 0.96875
Validation Data Eval:
accuracy: 0.43750
Step 1881: 7.732 sec
Step 1882: 7.736 sec
Step 1883: 8.256 sec
Step 1884: 7.922 sec
Step 1885: 7.315 sec
Step 1886: 8.781 sec
Step 1887: 8.165 sec
Step 1888: 7.855 sec
Step 1889: 7.997 sec
Step 1890: 7.850 sec
Training Data Eval:
accuracy: 1.00000
Validation Data Eval:
accuracy: 0.43750
Step 1891: 7.797 sec
Step 1892: 7.662 sec
Step 1893: 8.034 sec
Step 1894: 8.974 sec
Step 1895: 8.199 sec
Step 1896: 7.919 sec
Step 1897: 8.291 sec
Step 1898: 7.763 sec
Step 1899: 8.597 sec
Step 1900: 7.815 sec
Training Data Eval:
accuracy: 1.00000
Validation Data Eval:
accuracy: 0.37500
Step 1901: 8.142 sec
Step 1902: 9.286 sec
Step 1903: 9.666 sec
Step 1904: 8.313 sec
Step 1905: 7.911 sec
Step 1906: 8.127 sec
Step 1907: 8.266 sec
Step 1908: 8.252 sec
Step 1909: 9.727 sec
Step 1910: 9.589 sec
Training Data Eval:
accuracy: 0.96875
Validation Data Eval:
accuracy: 0.43750
Step 1911: 7.691 sec
Step 1912: 8.591 sec
Step 1913: 8.153 sec
Step 1914: 7.326 sec
Step 1915: 8.918 sec
Step 1916: 7.704 sec
Step 1917: 8.290 sec
Step 1918: 6.992 sec
Step 1919: 7.635 sec
Step 1920: 7.958 sec
Training Data Eval:
accuracy: 1.00000
Validation Data Eval:
accuracy: 0.53125
Step 1921: 8.355 sec
Step 1922: 7.555 sec
Step 1923: 8.830 sec
Step 1924: 7.744 sec
Step 1925: 8.519 sec
Step 1926: 8.438 sec
Step 1927: 8.225 sec
Step 1928: 9.235 sec
Step 1929: 7.447 sec
Step 1930: 7.919 sec
Training Data Eval:
accuracy: 1.00000
Validation Data Eval:
accuracy: 0.50000
Step 1931: 8.862 sec
Step 1932: 7.993 sec
Step 1933: 8.009 sec
Step 1934: 7.770 sec
Step 1935: 7.161 sec
Step 1936: 7.922 sec
Step 1937: 8.305 sec
Step 1938: 8.430 sec
Step 1939: 8.333 sec
Step 1940: 9.265 sec
Training Data Eval:
accuracy: 0.96875
Validation Data Eval:
accuracy: 0.56250
Step 1941: 7.943 sec
Step 1942: 8.264 sec
Step 1943: 7.337 sec
Step 1944: 9.234 sec
Step 1945: 8.257 sec
Step 1946: 8.651 sec
Step 1947: 8.019 sec
Step 1948: 8.552 sec
Step 1949: 8.389 sec
Step 1950: 7.438 sec
Training Data Eval:
accuracy: 1.00000
Validation Data Eval:
accuracy: 0.59375
Step 1951: 7.847 sec
Step 1952: 7.982 sec
Step 1953: 9.991 sec
Step 1954: 8.102 sec
Step 1955: 8.069 sec
Step 1956: 7.529 sec
Step 1957: 8.442 sec
Step 1958: 8.725 sec
Step 1959: 7.481 sec
Step 1960: 8.558 sec
Training Data Eval:
accuracy: 1.00000
Validation Data Eval:
accuracy: 0.59375
Step 1961: 7.753 sec
Step 1962: 7.875 sec
Step 1963: 8.819 sec
Step 1964: 7.369 sec
Step 1965: 7.870 sec
Step 1966: 8.555 sec
Step 1967: 8.309 sec
Step 1968: 8.605 sec
Step 1969: 8.114 sec
Step 1970: 7.885 sec
Training Data Eval:
accuracy: 1.00000
Validation Data Eval:
accuracy: 0.50000
Step 1971: 9.049 sec
Step 1972: 7.771 sec
Step 1973: 7.781 sec
Step 1974: 8.149 sec
Step 1975: 8.921 sec
Step 1976: 8.837 sec
Step 1977: 8.000 sec
Step 1978: 7.789 sec
Step 1979: 6.935 sec
Step 1980: 7.822 sec
Training Data Eval:
accuracy: 0.96875
Validation Data Eval:
accuracy: 0.56250
Step 1981: 7.515 sec
Step 1982: 8.769 sec
Step 1983: 8.455 sec
Step 1984: 8.022 sec
Step 1985: 8.463 sec
Step 1986: 8.248 sec
Step 1987: 7.423 sec
Step 1988: 7.951 sec
Step 1989: 7.308 sec
Step 1990: 7.764 sec
Training Data Eval:
accuracy: 1.00000
Validation Data Eval:
accuracy: 0.40625
Step 1991: 8.463 sec
Step 1992: 8.222 sec
Step 1993: 8.151 sec
Step 1994: 7.425 sec
Step 1995: 8.400 sec
Step 1996: 7.599 sec
Step 1997: 8.059 sec
Step 1998: 7.620 sec
Step 1999: 7.576 sec
Step 2000: 8.960 sec
Training Data Eval:
accuracy: 1.00000
Validation Data Eval:
accuracy: 0.59375
Step 2001: 8.897 sec
Step 2002: 7.461 sec
Step 2003: 7.805 sec
Step 2004: 8.897 sec
Step 2005: 9.129 sec
Step 2006: 7.965 sec
Step 2007: 8.067 sec
Step 2008: 7.163 sec
Step 2009: 8.054 sec
Step 2010: 9.099 sec
Training Data Eval:
accuracy: 1.00000
Validation Data Eval:
accuracy: 0.62500
Step 2011: 9.150 sec
Step 2012: 7.424 sec
Step 2013: 9.358 sec
Step 2014: 7.891 sec
Step 2015: 7.916 sec
Step 2016: 8.597 sec
Step 2017: 7.581 sec
Step 2018: 8.295 sec
Step 2019: 7.691 sec
Step 2020: 8.725 sec
Training Data Eval:
accuracy: 1.00000
Validation Data Eval:
accuracy: 0.53125
Step 2021: 7.547 sec
Step 2022: 7.572 sec
Step 2023: 9.063 sec
Step 2024: 9.028 sec
Step 2025: 8.732 sec
Step 2026: 7.860 sec
Step 2027: 7.987 sec
Step 2028: 8.710 sec
Step 2029: 8.074 sec
Step 2030: 7.619 sec
Training Data Eval:
accuracy: 0.96875
Validation Data Eval:
accuracy: 0.53125
Step 2031: 8.128 sec
Step 2032: 7.213 sec
Step 2033: 8.220 sec
Step 2034: 8.097 sec
Step 2035: 8.178 sec
Step 2036: 7.399 sec
Step 2037: 8.918 sec
Step 2038: 8.096 sec
Step 2039: 8.955 sec
Step 2040: 8.658 sec
Training Data Eval:
accuracy: 0.96875
Validation Data Eval:
accuracy: 0.62500
Step 2041: 6.791 sec
Step 2042: 7.923 sec
Step 2043: 7.661 sec
Step 2044: 10.179 sec
Step 2045: 9.020 sec
Step 2046: 9.113 sec
Step 2047: 7.950 sec
Step 2048: 7.374 sec
Step 2049: 7.624 sec
Step 2050: 8.082 sec
Training Data Eval:
accuracy: 1.00000
Validation Data Eval:
accuracy: 0.46875
Step 2051: 7.819 sec
Step 2052: 7.899 sec
Step 2053: 7.427 sec
Step 2054: 8.901 sec
Step 2055: 7.641 sec
Step 2056: 6.889 sec
Step 2057: 7.919 sec
Step 2058: 8.423 sec
Step 2059: 7.833 sec
Step 2060: 8.616 sec
Training Data Eval:
accuracy: 1.00000
Validation Data Eval:
accuracy: 0.56250
Step 2061: 7.466 sec
Step 2062: 8.545 sec
Step 2063: 8.356 sec
Step 2064: 8.298 sec
Step 2065: 7.784 sec
Step 2066: 8.256 sec
Step 2067: 8.473 sec
Step 2068: 6.981 sec
Step 2069: 7.206 sec
Step 2070: 7.849 sec
Training Data Eval:
accuracy: 0.96875
Validation Data Eval:
accuracy: 0.62500
Step 2071: 7.677 sec
Step 2072: 8.294 sec
Step 2073: 8.962 sec
Step 2074: 9.390 sec
Step 2075: 7.461 sec
Step 2076: 8.171 sec
Step 2077: 7.393 sec
Step 2078: 8.131 sec
Step 2079: 8.499 sec
Step 2080: 8.361 sec
Training Data Eval:
accuracy: 1.00000
Validation Data Eval:
accuracy: 0.43750
Step 2081: 8.308 sec
Step 2082: 8.091 sec
Step 2083: 9.647 sec
Step 2084: 7.625 sec
Step 2085: 7.387 sec
Step 2086: 9.045 sec
Step 2087: 7.119 sec
Step 2088: 8.448 sec
Step 2089: 7.418 sec
Step 2090: 7.998 sec
Training Data Eval:
accuracy: 1.00000
Validation Data Eval:
accuracy: 0.56250
Step 2091: 8.815 sec
Step 2092: 8.481 sec
Step 2093: 8.326 sec
Step 2094: 8.279 sec
Step 2095: 7.645 sec
Step 2096: 8.163 sec
Step 2097: 7.552 sec
Step 2098: 8.195 sec
Step 2099: 7.521 sec
Step 2100: 8.650 sec
Training Data Eval:
accuracy: 1.00000
Validation Data Eval:
accuracy: 0.53125
Step 2101: 7.955 sec
Step 2102: 7.712 sec
Step 2103: 6.760 sec
Step 2104: 7.959 sec
Step 2105: 7.492 sec
Step 2106: 8.116 sec
Step 2107: 7.423 sec
Step 2108: 7.563 sec
Step 2109: 8.772 sec
Step 2110: 8.222 sec
Training Data Eval:
accuracy: 0.96875
Validation Data Eval:
accuracy: 0.46875
Step 2111: 7.671 sec
Step 2112: 7.572 sec
Step 2113: 9.191 sec
Step 2114: 8.120 sec
Step 2115: 7.589 sec
Step 2116: 7.170 sec
Step 2117: 7.357 sec
Step 2118: 8.706 sec
Step 2119: 8.288 sec
Step 2120: 7.220 sec
Training Data Eval:
accuracy: 1.00000
Validation Data Eval:
accuracy: 0.62500
Step 2121: 7.486 sec
Step 2122: 7.380 sec
Step 2123: 7.496 sec
Step 2124: 7.702 sec
Step 2125: 6.860 sec
Step 2126: 7.695 sec
Step 2127: 8.040 sec
Step 2128: 8.648 sec
Step 2129: 8.215 sec
Step 2130: 6.888 sec
Training Data Eval:
accuracy: 0.96875
Validation Data Eval:
accuracy: 0.56250
Step 2131: 7.843 sec
Step 2132: 8.252 sec
Step 2133: 8.282 sec
Step 2134: 8.495 sec
Step 2135: 8.048 sec
Step 2136: 6.660 sec
Step 2137: 7.457 sec
Step 2138: 7.515 sec
Step 2139: 8.618 sec
Step 2140: 7.512 sec
Training Data Eval:
accuracy: 1.00000
Validation Data Eval:
accuracy: 0.56250
Step 2141: 7.866 sec
Step 2142: 7.334 sec
Step 2143: 8.297 sec
Step 2144: 9.536 sec
Step 2145: 6.508 sec
Step 2146: 8.229 sec
Step 2147: 7.233 sec
Step 2148: 7.547 sec
Step 2149: 8.556 sec
Step 2150: 8.303 sec
Training Data Eval:
accuracy: 0.96875
Validation Data Eval:
accuracy: 0.46875
Step 2151: 7.903 sec
Step 2152: 8.314 sec
Step 2153: 7.888 sec
Step 2154: 8.103 sec
Step 2155: 9.035 sec
Step 2156: 7.884 sec
Step 2157: 8.716 sec
Step 2158: 6.964 sec
Step 2159: 7.958 sec
Step 2160: 8.715 sec
Training Data Eval:
accuracy: 1.00000
Validation Data Eval:
accuracy: 0.46875
Step 2161: 7.814 sec
Step 2162: 8.349 sec
Step 2163: 8.990 sec
Step 2164: 8.270 sec
Step 2165: 6.891 sec
Step 2166: 8.141 sec
Step 2167: 8.457 sec
Step 2168: 7.817 sec
Step 2169: 7.165 sec
Step 2170: 7.333 sec
Training Data Eval:
accuracy: 0.96875
Validation Data Eval:
accuracy: 0.46875
Step 2171: 8.520 sec
Step 2172: 8.164 sec
Step 2173: 8.296 sec
Step 2174: 6.839 sec
Step 2175: 7.721 sec
Step 2176: 7.010 sec
Step 2177: 8.498 sec
Step 2178: 7.737 sec
Step 2179: 7.948 sec
Step 2180: 7.627 sec
Training Data Eval:
accuracy: 1.00000
Validation Data Eval:
accuracy: 0.53125
Step 2181: 7.334 sec
Step 2182: 8.804 sec
Step 2183: 8.336 sec
Step 2184: 8.589 sec
Step 2185: 8.568 sec
Step 2186: 6.962 sec
Step 2187: 7.000 sec
Step 2188: 8.235 sec
Step 2189: 7.962 sec
Step 2190: 7.959 sec
Training Data Eval:
accuracy: 1.00000
Validation Data Eval:
accuracy: 0.56250
Step 2191: 7.653 sec
Step 2192: 9.651 sec
Step 2193: 8.173 sec
Step 2194: 7.582 sec
Step 2195: 7.814 sec
Step 2196: 7.819 sec
Step 2197: 6.808 sec
Step 2198: 7.630 sec
Step 2199: 7.043 sec
Step 2200: 8.237 sec
Training Data Eval:
accuracy: 1.00000
Validation Data Eval:
accuracy: 0.40625
Step 2201: 8.363 sec
Step 2202: 7.354 sec
Step 2203: 8.734 sec
Step 2204: 7.959 sec
Step 2205: 7.857 sec
Step 2206: 7.392 sec
Step 2207: 8.013 sec
Step 2208: 8.214 sec
Step 2209: 9.149 sec
Step 2210: 7.762 sec
Training Data Eval:
accuracy: 1.00000
Validation Data Eval:
accuracy: 0.65625
Step 2211: 8.348 sec
Step 2212: 7.781 sec
Step 2213: 8.558 sec
Step 2214: 8.413 sec
Step 2215: 8.196 sec
Step 2216: 8.474 sec
Step 2217: 7.962 sec
Step 2218: 8.147 sec
Step 2219: 7.947 sec
Step 2220: 7.956 sec
Training Data Eval:
accuracy: 1.00000
Validation Data Eval:
accuracy: 0.62500
Step 2221: 8.999 sec
Step 2222: 7.565 sec
Step 2223: 7.804 sec
Step 2224: 8.301 sec
Step 2225: 7.759 sec
Step 2226: 7.508 sec
Step 2227: 8.595 sec
Step 2228: 7.980 sec
Step 2229: 8.335 sec
Step 2230: 7.739 sec
Training Data Eval:
accuracy: 1.00000
Validation Data Eval:
accuracy: 0.28125
Step 2231: 8.192 sec
Step 2232: 7.448 sec
Step 2233: 7.433 sec
Step 2234: 7.333 sec
Step 2235: 8.152 sec
Step 2236: 8.712 sec
Step 2237: 8.961 sec
Step 2238: 8.341 sec
Step 2239: 6.947 sec
Step 2240: 7.377 sec
Training Data Eval:
accuracy: 1.00000
Validation Data Eval:
accuracy: 0.62500
Step 2241: 9.169 sec
Step 2242: 7.759 sec
Step 2243: 8.128 sec
Step 2244: 9.071 sec
Step 2245: 7.646 sec
Step 2246: 8.933 sec
Step 2247: 8.801 sec
Step 2248: 7.279 sec
Step 2249: 7.851 sec
Step 2250: 7.848 sec
Training Data Eval:
accuracy: 1.00000
Validation Data Eval:
accuracy: 0.43750
Step 2251: 7.876 sec
Step 2252: 8.190 sec
Step 2253: 7.053 sec
Step 2254: 7.888 sec
Step 2255: 8.302 sec
Step 2256: 8.516 sec
Step 2257: 7.023 sec
Step 2258: 8.091 sec
Step 2259: 7.716 sec
Step 2260: 7.622 sec
Training Data Eval:
accuracy: 1.00000
Validation Data Eval:
accuracy: 0.62500
Step 2261: 8.844 sec
Step 2262: 8.297 sec
Step 2263: 8.887 sec
Step 2264: 8.409 sec
Step 2265: 8.624 sec
Step 2266: 7.911 sec
Step 2267: 8.230 sec
Step 2268: 8.797 sec
Step 2269: 7.957 sec
Step 2270: 8.938 sec
Training Data Eval:
accuracy: 1.00000
Validation Data Eval:
accuracy: 0.46875
Step 2271: 7.190 sec
Step 2272: 7.750 sec
Step 2273: 8.428 sec
Step 2274: 8.228 sec
Step 2275: 7.854 sec
Step 2276: 7.605 sec
Step 2277: 7.653 sec
Step 2278: 7.302 sec
Step 2279: 7.967 sec
Step 2280: 6.862 sec
Training Data Eval:
accuracy: 1.00000
Validation Data Eval:
accuracy: 0.65625
Step 2281: 8.081 sec
Step 2282: 7.003 sec
Step 2283: 8.904 sec
Step 2284: 8.627 sec
Step 2285: 7.140 sec
Step 2286: 7.795 sec
Step 2287: 7.311 sec
Step 2288: 8.205 sec
Step 2289: 7.873 sec
Step 2290: 8.063 sec
Training Data Eval:
accuracy: 1.00000
Validation Data Eval:
accuracy: 0.68750
Step 2291: 8.523 sec
Step 2292: 9.779 sec
Step 2293: 8.593 sec
Step 2294: 7.729 sec
Step 2295: 7.783 sec
Step 2296: 8.156 sec
Step 2297: 7.577 sec
Step 2298: 7.435 sec
Step 2299: 8.329 sec
Step 2300: 7.357 sec
Training Data Eval:
accuracy: 1.00000
Validation Data Eval:
accuracy: 0.62500
Step 2301: 8.632 sec
Step 2302: 8.260 sec
Step 2303: 8.440 sec
Step 2304: 7.428 sec
Step 2305: 7.999 sec
Step 2306: 7.233 sec
Step 2307: 7.112 sec
Step 2308: 6.945 sec
Step 2309: 7.784 sec
Step 2310: 6.981 sec
Training Data Eval:
accuracy: 1.00000
Validation Data Eval:
accuracy: 0.37500
Step 2311: 8.045 sec
Step 2312: 7.922 sec
Step 2313: 8.599 sec
Step 2314: 7.061 sec
Step 2315: 8.455 sec
Step 2316: 8.264 sec
Step 2317: 7.432 sec
Step 2318: 8.314 sec
Step 2319: 7.110 sec
Step 2320: 8.330 sec
Training Data Eval:
accuracy: 1.00000
Validation Data Eval:
accuracy: 0.50000
Step 2321: 8.347 sec
Step 2322: 8.839 sec
Step 2323: 8.543 sec
Step 2324: 7.184 sec
Step 2325: 7.948 sec
Step 2326: 7.079 sec
Step 2327: 8.428 sec
Step 2328: 8.368 sec
Step 2329: 8.233 sec
Step 2330: 7.824 sec
Training Data Eval:
accuracy: 0.96875
Validation Data Eval:
accuracy: 0.62500
Step 2331: 8.676 sec
Step 2332: 8.474 sec
Step 2333: 7.085 sec
Step 2334: 8.376 sec
Step 2335: 8.175 sec
Step 2336: 6.817 sec
Step 2337: 8.230 sec
Step 2338: 8.566 sec
Step 2339: 8.436 sec
Step 2340: 8.307 sec
Training Data Eval:
accuracy: 1.00000
Validation Data Eval:
accuracy: 0.53125
Step 2341: 7.191 sec
Step 2342: 7.784 sec
Step 2343: 7.220 sec
Step 2344: 8.752 sec
Step 2345: 7.915 sec
Step 2346: 7.752 sec
Step 2347: 8.113 sec
Step 2348: 7.638 sec
Step 2349: 7.305 sec
Step 2350: 8.624 sec
Training Data Eval:
accuracy: 1.00000
Validation Data Eval:
accuracy: 0.62500
Step 2351: 7.070 sec
Step 2352: 8.176 sec
Step 2353: 6.944 sec
Step 2354: 8.094 sec
Step 2355: 8.249 sec
Step 2356: 8.676 sec
Step 2357: 8.314 sec
Step 2358: 7.316 sec
Step 2359: 7.904 sec
Step 2360: 7.619 sec
Training Data Eval:
accuracy: 1.00000
Validation Data Eval:
accuracy: 0.56250
Step 2361: 7.410 sec
Step 2362: 8.057 sec
Step 2363: 7.070 sec
Step 2364: 7.721 sec
Step 2365: 7.975 sec
Step 2366: 9.168 sec
Step 2367: 7.905 sec
Step 2368: 8.341 sec
Step 2369: 8.998 sec
Step 2370: 7.315 sec
Training Data Eval:
accuracy: 1.00000
Validation Data Eval:
accuracy: 0.50000
Step 2371: 6.688 sec
Step 2372: 8.108 sec
Step 2373: 8.418 sec
Step 2374: 7.266 sec
Step 2375: 8.211 sec
Step 2376: 8.030 sec
Step 2377: 8.923 sec
Step 2378: 8.004 sec
Step 2379: 8.446 sec
Step 2380: 6.916 sec
Training Data Eval:
accuracy: 0.96875
Validation Data Eval:
accuracy: 0.62500
Step 2381: 7.607 sec
Step 2382: 8.470 sec
Step 2383: 8.769 sec
Step 2384: 8.755 sec
Step 2385: 7.661 sec
Step 2386: 7.842 sec
Step 2387: 9.574 sec
Step 2388: 7.946 sec
Step 2389: 7.839 sec
Step 2390: 9.505 sec
Training Data Eval:
accuracy: 1.00000
Validation Data Eval:
accuracy: 0.46875
Step 2391: 6.913 sec
Step 2392: 8.060 sec
Step 2393: 7.267 sec
Step 2394: 8.166 sec
Step 2395: 7.561 sec
Step 2396: 8.311 sec
Step 2397: 7.851 sec
Step 2398: 8.302 sec
Step 2399: 8.703 sec
Step 2400: 8.051 sec
Training Data Eval:
accuracy: 0.96875
Validation Data Eval:
accuracy: 0.50000
Step 2401: 8.244 sec
Step 2402: 7.225 sec
Step 2403: 8.402 sec
Step 2404: 8.240 sec
Step 2405: 7.991 sec
Step 2406: 8.283 sec
Step 2407: 7.268 sec
Step 2408: 7.893 sec
Step 2409: 7.673 sec
Step 2410: 7.323 sec
Training Data Eval:
accuracy: 1.00000
Validation Data Eval:
accuracy: 0.50000
Step 2411: 7.759 sec
Step 2412: 8.176 sec
Step 2413: 9.060 sec
Step 2414: 8.110 sec
Step 2415: 7.002 sec
Step 2416: 8.816 sec
Step 2417: 7.702 sec
Step 2418: 8.146 sec
Step 2419: 7.395 sec
Step 2420: 8.969 sec
Training Data Eval:
accuracy: 1.00000
Validation Data Eval:
accuracy: 0.59375
Step 2421: 8.012 sec
Step 2422: 7.063 sec
Step 2423: 7.150 sec
Step 2424: 9.133 sec
Step 2425: 8.118 sec
Step 2426: 7.099 sec
Step 2427: 7.568 sec
Step 2428: 7.636 sec
Step 2429: 9.112 sec
Step 2430: 9.129 sec
Training Data Eval:
accuracy: 1.00000
Validation Data Eval:
accuracy: 0.43750
Step 2431: 7.327 sec
Step 2432: 8.706 sec
Step 2433: 7.788 sec
Step 2434: 9.775 sec
Step 2435: 10.170 sec
Step 2436: 8.320 sec
Step 2437: 9.045 sec
Step 2438: 8.276 sec
Step 2439: 7.512 sec
Step 2440: 7.606 sec
Training Data Eval:
accuracy: 1.00000
Validation Data Eval:
accuracy: 0.46875
Step 2441: 8.285 sec
Step 2442: 7.737 sec
Step 2443: 7.614 sec
Step 2444: 7.575 sec
Step 2445: 8.067 sec
Step 2446: 9.389 sec
Step 2447: 8.403 sec
Step 2448: 7.905 sec
Step 2449: 8.211 sec
Step 2450: 8.455 sec
Training Data Eval:
accuracy: 0.96875
Validation Data Eval:
accuracy: 0.43750
Step 2451: 7.472 sec
Step 2452: 8.018 sec
Step 2453: 7.525 sec
Step 2454: 7.005 sec
Step 2455: 7.735 sec
Step 2456: 8.406 sec
Step 2457: 8.017 sec
Step 2458: 8.089 sec
Step 2459: 8.815 sec
Step 2460: 7.642 sec
Training Data Eval:
accuracy: 0.96875
Validation Data Eval:
accuracy: 0.59375
Step 2461: 6.868 sec
Step 2462: 7.793 sec
Step 2463: 7.024 sec
Step 2464: 7.042 sec
Step 2465: 7.192 sec
Step 2466: 9.020 sec
Step 2467: 8.243 sec
Step 2468: 9.077 sec
Step 2469: 7.855 sec
Step 2470: 8.440 sec
Training Data Eval:
accuracy: 1.00000
Validation Data Eval:
accuracy: 0.53125
Step 2471: 8.091 sec
Step 2472: 8.067 sec
Step 2473: 6.849 sec
Step 2474: 8.981 sec
Step 2475: 8.990 sec
Step 2476: 8.149 sec
Step 2477: 8.356 sec
Step 2478: 7.990 sec
Step 2479: 8.312 sec
Step 2480: 7.956 sec
Training Data Eval:
accuracy: 0.96875
Validation Data Eval:
accuracy: 0.37500
Step 2481: 7.402 sec
Step 2482: 7.964 sec
Step 2483: 8.365 sec
Step 2484: 8.451 sec
Step 2485: 8.237 sec
Step 2486: 7.446 sec
Step 2487: 7.937 sec
Step 2488: 8.203 sec
Step 2489: 8.652 sec
Step 2490: 7.719 sec
Training Data Eval:
accuracy: 1.00000
Validation Data Eval:
accuracy: 0.65625
Step 2491: 8.836 sec
Step 2492: 8.147 sec
Step 2493: 7.904 sec
Step 2494: 8.308 sec
Step 2495: 8.048 sec
Step 2496: 7.928 sec
Step 2497: 7.914 sec
Step 2498: 7.702 sec
Step 2499: 7.790 sec
Step 2500: 7.624 sec
Training Data Eval:
accuracy: 1.00000
Validation Data Eval:
accuracy: 0.53125
Step 2501: 7.833 sec
Step 2502: 8.083 sec
Step 2503: 8.418 sec
Step 2504: 8.585 sec
Step 2505: 7.253 sec
Step 2506: 7.712 sec
Step 2507: 7.383 sec
Step 2508: 8.679 sec
Step 2509: 8.652 sec
Step 2510: 7.473 sec
Training Data Eval:
accuracy: 1.00000
Validation Data Eval:
accuracy: 0.56250
Step 2511: 8.120 sec
Step 2512: 8.216 sec
Step 2513: 9.096 sec
Step 2514: 7.754 sec
Step 2515: 8.511 sec
Step 2516: 7.583 sec
Step 2517: 7.877 sec
Step 2518: 7.202 sec
Step 2519: 7.395 sec
Step 2520: 7.486 sec
Training Data Eval:
accuracy: 1.00000
Validation Data Eval:
accuracy: 0.75000
Step 2521: 7.574 sec
Step 2522: 9.153 sec
Step 2523: 8.727 sec
Step 2524: 6.788 sec
Step 2525: 7.738 sec
Step 2526: 7.368 sec
Step 2527: 8.268 sec
Step 2528: 8.314 sec
Step 2529: 8.637 sec
Step 2530: 8.465 sec
Training Data Eval:
accuracy: 1.00000
Validation Data Eval:
accuracy: 0.53125
Step 2531: 7.343 sec
Step 2532: 7.714 sec
Step 2533: 6.903 sec
Step 2534: 6.967 sec
Step 2535: 8.563 sec
Step 2536: 8.018 sec
Step 2537: 7.144 sec
Step 2538: 9.064 sec
Step 2539: 7.391 sec
Step 2540: 7.817 sec
Training Data Eval:
accuracy: 1.00000
Validation Data Eval:
accuracy: 0.65625
Step 2541: 7.502 sec
Step 2542: 7.214 sec
Step 2543: 8.285 sec
Step 2544: 8.387 sec
Step 2545: 7.695 sec
Step 2546: 9.141 sec
Step 2547: 8.777 sec
Step 2548: 8.117 sec
Step 2549: 8.793 sec
Step 2550: 7.656 sec
Training Data Eval:
accuracy: 1.00000
Validation Data Eval:
accuracy: 0.43750
Step 2551: 8.697 sec
Step 2552: 8.490 sec
Step 2553: 8.229 sec
Step 2554: 8.269 sec
Step 2555: 8.338 sec
Step 2556: 7.652 sec
Step 2557: 7.953 sec
Step 2558: 7.775 sec
Step 2559: 7.834 sec
Step 2560: 8.156 sec
Training Data Eval:
accuracy: 0.96875
Validation Data Eval:
accuracy: 0.40625
Step 2561: 8.111 sec
Step 2562: 7.283 sec
Step 2563: 7.794 sec
Step 2564: 8.449 sec
Step 2565: 8.507 sec
Step 2566: 7.355 sec
Step 2567: 7.647 sec
Step 2568: 8.377 sec
Step 2569: 7.755 sec
Step 2570: 7.476 sec
Training Data Eval:
accuracy: 1.00000
Validation Data Eval:
accuracy: 0.50000
Step 2571: 8.280 sec
Step 2572: 7.827 sec
Step 2573: 7.630 sec
Step 2574: 8.099 sec
Step 2575: 7.768 sec
Step 2576: 6.972 sec
Step 2577: 8.364 sec
Step 2578: 8.526 sec
Step 2579: 7.084 sec
Step 2580: 7.587 sec
Training Data Eval:
accuracy: 1.00000
Validation Data Eval:
accuracy: 0.53125
Step 2581: 7.949 sec
Step 2582: 7.466 sec
Step 2583: 8.320 sec
Step 2584: 7.618 sec
Step 2585: 9.068 sec
Step 2586: 8.207 sec
Step 2587: 7.782 sec
Step 2588: 7.540 sec
Step 2589: 6.922 sec
Step 2590: 8.543 sec
Training Data Eval:
accuracy: 1.00000
Validation Data Eval:
accuracy: 0.56250
Step 2591: 8.848 sec
Step 2592: 8.493 sec
Step 2593: 7.561 sec
Step 2594: 7.971 sec
Step 2595: 8.454 sec
Step 2596: 8.116 sec
Step 2597: 7.492 sec
Step 2598: 7.023 sec
Step 2599: 8.513 sec
Step 2600: 8.259 sec
Training Data Eval:
accuracy: 1.00000
Validation Data Eval:
accuracy: 0.56250
Step 2601: 7.964 sec
Step 2602: 8.122 sec
Step 2603: 8.506 sec
Step 2604: 7.642 sec
Step 2605: 8.231 sec
Step 2606: 9.367 sec
Step 2607: 7.006 sec
Step 2608: 7.450 sec
Step 2609: 8.748 sec
Step 2610: 7.866 sec
Training Data Eval:
accuracy: 1.00000
Validation Data Eval:
accuracy: 0.43750
Step 2611: 8.234 sec
Step 2612: 7.456 sec
Step 2613: 8.058 sec
Step 2614: 7.624 sec
Step 2615: 7.217 sec
Step 2616: 7.129 sec
Step 2617: 7.799 sec
Step 2618: 8.283 sec
Step 2619: 7.692 sec
Step 2620: 8.743 sec
Training Data Eval:
accuracy: 1.00000
Validation Data Eval:
accuracy: 0.56250
Step 2621: 7.926 sec
Step 2622: 7.771 sec
Step 2623: 7.798 sec
Step 2624: 8.493 sec
Step 2625: 7.958 sec
Step 2626: 7.123 sec
Step 2627: 7.590 sec
Step 2628: 8.925 sec
Step 2629: 8.075 sec
Step 2630: 8.015 sec
Training Data Eval:
accuracy: 0.96875
Validation Data Eval:
accuracy: 0.56250
Step 2631: 7.241 sec
Step 2632: 7.344 sec
Step 2633: 8.634 sec
Step 2634: 8.958 sec
Step 2635: 8.048 sec
Step 2636: 8.498 sec
Step 2637: 7.594 sec
Step 2638: 8.492 sec
Step 2639: 7.860 sec
Step 2640: 6.505 sec
Training Data Eval:
accuracy: 1.00000
Validation Data Eval:
accuracy: 0.56250
Step 2641: 7.867 sec
Step 2642: 7.545 sec
Step 2643: 7.221 sec
Step 2644: 7.263 sec
Step 2645: 6.992 sec
Step 2646: 8.341 sec
Step 2647: 7.132 sec
Step 2648: 9.021 sec
Step 2649: 7.585 sec
Step 2650: 7.681 sec
Training Data Eval:
accuracy: 1.00000
Validation Data Eval:
accuracy: 0.62500
Step 2651: 8.249 sec
Step 2652: 7.955 sec
Step 2653: 8.897 sec
Step 2654: 6.975 sec
Step 2655: 7.680 sec
Step 2656: 9.198 sec
Step 2657: 9.126 sec
Step 2658: 7.248 sec
Step 2659: 8.023 sec
Step 2660: 7.406 sec
Training Data Eval:
accuracy: 1.00000
Validation Data Eval:
accuracy: 0.50000
Step 2661: 7.112 sec
Step 2662: 6.902 sec
Step 2663: 7.939 sec
Step 2664: 8.123 sec
Step 2665: 8.047 sec
Step 2666: 8.165 sec
Step 2667: 7.617 sec
Step 2668: 7.766 sec
Step 2669: 7.645 sec
Step 2670: 8.982 sec
Training Data Eval:
accuracy: 1.00000
Validation Data Eval:
accuracy: 0.65625
Step 2671: 8.070 sec
Step 2672: 8.471 sec
Step 2673: 7.983 sec
Step 2674: 8.720 sec
Step 2675: 9.160 sec
Step 2676: 8.010 sec
Step 2677: 8.367 sec
Step 2678: 8.141 sec
Step 2679: 8.510 sec
Step 2680: 9.044 sec
Training Data Eval:
accuracy: 1.00000
Validation Data Eval:
accuracy: 0.37500
Step 2681: 7.195 sec
Step 2682: 7.582 sec
Step 2683: 9.117 sec
Step 2684: 8.563 sec
Step 2685: 7.515 sec
Step 2686: 7.061 sec
Step 2687: 8.034 sec
Step 2688: 7.970 sec
Step 2689: 6.858 sec
Step 2690: 7.270 sec
Training Data Eval:
accuracy: 1.00000
Validation Data Eval:
accuracy: 0.65625
Step 2691: 7.799 sec
Step 2692: 9.290 sec
Step 2693: 7.420 sec
Step 2694: 7.418 sec
Step 2695: 7.280 sec
Step 2696: 6.755 sec
Step 2697: 7.985 sec
Step 2698: 7.891 sec
Step 2699: 7.612 sec
Step 2700: 8.192 sec
Training Data Eval:
accuracy: 1.00000
Validation Data Eval:
accuracy: 0.50000
Step 2701: 8.117 sec
Step 2702: 7.806 sec
Step 2703: 7.516 sec
Step 2704: 8.081 sec
Step 2705: 8.304 sec
Step 2706: 7.702 sec
Step 2707: 8.121 sec
Step 2708: 8.239 sec
Step 2709: 7.427 sec
Step 2710: 7.155 sec
Training Data Eval:
accuracy: 1.00000
Validation Data Eval:
accuracy: 0.68750
Step 2711: 8.544 sec
Step 2712: 7.490 sec
Step 2713: 6.978 sec
Step 2714: 8.658 sec
Step 2715: 8.294 sec
Step 2716: 7.112 sec
Step 2717: 7.589 sec
Step 2718: 8.489 sec
Step 2719: 7.823 sec
Step 2720: 7.790 sec
Training Data Eval:
accuracy: 0.96875
Validation Data Eval:
accuracy: 0.46875
Step 2721: 7.871 sec
Step 2722: 7.403 sec
Step 2723: 7.369 sec
Step 2724: 8.065 sec
Step 2725: 8.204 sec
Step 2726: 8.053 sec
Step 2727: 7.076 sec
Step 2728: 7.082 sec
Step 2729: 8.027 sec
Step 2730: 8.574 sec
Training Data Eval:
accuracy: 1.00000
Validation Data Eval:
accuracy: 0.50000
Step 2731: 7.891 sec
Step 2732: 7.207 sec
Step 2733: 7.427 sec
Step 2734: 8.240 sec
Step 2735: 8.815 sec
Step 2736: 7.362 sec
Step 2737: 8.535 sec
Step 2738: 7.441 sec
Step 2739: 7.175 sec
Step 2740: 9.214 sec
Training Data Eval:
accuracy: 0.96875
Validation Data Eval:
accuracy: 0.59375
Step 2741: 7.539 sec
Step 2742: 7.918 sec
Step 2743: 7.630 sec
Step 2744: 7.872 sec
Step 2745: 7.777 sec
Step 2746: 7.542 sec
Step 2747: 8.052 sec
Step 2748: 7.505 sec
Step 2749: 9.355 sec
Step 2750: 8.108 sec
Training Data Eval:
accuracy: 1.00000
Validation Data Eval:
accuracy: 0.59375
Step 2751: 8.226 sec
Step 2752: 7.502 sec
Step 2753: 6.941 sec
Step 2754: 6.898 sec
Step 2755: 7.981 sec
Step 2756: 7.337 sec
Step 2757: 7.553 sec
Step 2758: 7.912 sec
Step 2759: 9.469 sec
Step 2760: 7.013 sec
Training Data Eval:
accuracy: 1.00000
Validation Data Eval:
accuracy: 0.46875
Step 2761: 7.703 sec
Step 2762: 8.765 sec
Step 2763: 9.208 sec
Step 2764: 7.919 sec
Step 2765: 8.666 sec
Step 2766: 8.163 sec
Step 2767: 8.952 sec
Step 2768: 7.801 sec
Step 2769: 8.839 sec
Step 2770: 8.197 sec
Training Data Eval:
accuracy: 1.00000
Validation Data Eval:
accuracy: 0.56250
Step 2771: 7.304 sec
Step 2772: 8.056 sec
Step 2773: 9.322 sec
Step 2774: 7.153 sec
Step 2775: 8.110 sec
Step 2776: 10.049 sec
Step 2777: 7.457 sec
Step 2778: 7.325 sec
Step 2779: 8.534 sec
Step 2780: 7.693 sec
Training Data Eval:
accuracy: 1.00000
Validation Data Eval:
accuracy: 0.37500
Step 2781: 7.744 sec
Step 2782: 7.402 sec
Step 2783: 7.273 sec
Step 2784: 7.294 sec
Step 2785: 8.603 sec
Step 2786: 7.210 sec
Step 2787: 7.562 sec
Step 2788: 7.637 sec
Step 2789: 8.272 sec
Step 2790: 8.008 sec
Training Data Eval:
accuracy: 1.00000
Validation Data Eval:
accuracy: 0.50000
Step 2791: 7.801 sec
Step 2792: 8.931 sec
Step 2793: 8.498 sec
Step 2794: 8.125 sec
Step 2795: 7.268 sec
Step 2796: 7.780 sec
Step 2797: 8.140 sec
Step 2798: 8.633 sec
Step 2799: 7.306 sec
Step 2800: 7.280 sec
Training Data Eval:
accuracy: 1.00000
Validation Data Eval:
accuracy: 0.40625
Step 2801: 9.156 sec
Step 2802: 7.396 sec
Step 2803: 9.358 sec
Step 2804: 9.793 sec
Step 2805: 7.738 sec
Step 2806: 7.331 sec
Step 2807: 7.652 sec
Step 2808: 7.204 sec
Step 2809: 8.560 sec
Step 2810: 7.278 sec
Training Data Eval:
accuracy: 1.00000
Validation Data Eval:
accuracy: 0.50000
Step 2811: 8.434 sec
Step 2812: 7.492 sec
Step 2813: 8.315 sec
Step 2814: 8.307 sec
Step 2815: 7.395 sec
Step 2816: 7.496 sec
Step 2817: 7.181 sec
Step 2818: 6.995 sec
Step 2819: 8.127 sec
Step 2820: 7.481 sec
Training Data Eval:
accuracy: 1.00000
Validation Data Eval:
accuracy: 0.53125
Step 2821: 8.762 sec
Step 2822: 7.447 sec
Step 2823: 8.440 sec
Step 2824: 7.239 sec
Step 2825: 7.109 sec
Step 2826: 7.407 sec
Step 2827: 6.921 sec
Step 2828: 8.104 sec
Step 2829: 7.611 sec
Step 2830: 8.287 sec
Training Data Eval:
accuracy: 1.00000
Validation Data Eval:
accuracy: 0.56250
Step 2831: 8.665 sec
Step 2832: 7.197 sec
Step 2833: 7.372 sec
Step 2834: 7.896 sec
Step 2835: 7.896 sec
Step 2836: 7.435 sec
Step 2837: 8.584 sec
Step 2838: 8.101 sec
Step 2839: 7.686 sec
Step 2840: 7.882 sec
Training Data Eval:
accuracy: 1.00000
Validation Data Eval:
accuracy: 0.62500
Step 2841: 8.416 sec
Step 2842: 7.098 sec
Step 2843: 7.535 sec
Step 2844: 7.654 sec
Step 2845: 6.980 sec
Step 2846: 9.184 sec
Step 2847: 8.014 sec
Step 2848: 8.305 sec
Step 2849: 7.700 sec
Step 2850: 8.559 sec
Training Data Eval:
accuracy: 1.00000
Validation Data Eval:
accuracy: 0.40625
Step 2851: 7.714 sec
Step 2852: 8.176 sec
Step 2853: 8.734 sec
Step 2854: 7.920 sec
Step 2855: 8.278 sec
Step 2856: 8.029 sec
Step 2857: 8.196 sec
Step 2858: 8.737 sec
Step 2859: 8.632 sec
Step 2860: 7.560 sec
Training Data Eval:
accuracy: 1.00000
Validation Data Eval:
accuracy: 0.62500
Step 2861: 7.934 sec
Step 2862: 8.392 sec
Step 2863: 7.588 sec
Step 2864: 7.343 sec
Step 2865: 8.595 sec
Step 2866: 7.996 sec
Step 2867: 8.080 sec
Step 2868: 8.394 sec
Step 2869: 7.748 sec
Step 2870: 7.380 sec
Training Data Eval:
accuracy: 1.00000
Validation Data Eval:
accuracy: 0.53125
Step 2871: 8.043 sec
Step 2872: 7.770 sec
Step 2873: 8.839 sec
Step 2874: 6.889 sec
Step 2875: 8.369 sec
Step 2876: 6.645 sec
Step 2877: 8.812 sec
Step 2878: 7.435 sec
Step 2879: 7.053 sec
Step 2880: 8.391 sec
Training Data Eval:
accuracy: 1.00000
Validation Data Eval:
accuracy: 0.50000
Step 2881: 8.401 sec
Step 2882: 7.315 sec/home/ankur/anaconda3/lib/python3.6/site-packages/h5py/__init__.py:36: FutureWarning: Conversion of the second argument of issubdtype from `float` to `np.floating` is deprecated. In future, it will be treated as `np.float64 == np.dtype(float).type`.
  from ._conv import register_converters as _register_converters

Step 2883: 7.474 sec
Step 2884: 7.979 sec
Step 2885: 7.770 sec
Step 2886: 8.373 sec
Step 2887: 7.951 sec
Step 2888: 7.155 sec
Step 2889: 7.777 sec
Step 2890: 8.490 sec
Training Data Eval:
accuracy: 1.00000
Validation Data Eval:
accuracy: 0.59375
Step 2891: 7.695 sec
Step 2892: 7.856 sec
Step 2893: 9.308 sec
Step 2894: 7.020 sec
Step 2895: 8.242 sec
Step 2896: 8.193 sec
Step 2897: 7.513 sec
Step 2898: 7.759 sec
Step 2899: 8.055 sec
Step 2900: 7.267 sec
Training Data Eval:
accuracy: 1.00000
Validation Data Eval:
accuracy: 0.53125
Step 2901: 7.613 sec
Step 2902: 7.529 sec
Step 2903: 9.439 sec
Step 2904: 8.605 sec
Step 2905: 8.545 sec
Step 2906: 7.275 sec
Step 2907: 8.742 sec
Step 2908: 7.926 sec
Step 2909: 9.702 sec
Step 2910: 8.001 sec
Training Data Eval:
accuracy: 1.00000
Validation Data Eval:
accuracy: 0.71875
Step 2911: 8.007 sec
Step 2912: 7.614 sec
Step 2913: 7.962 sec
Step 2914: 8.847 sec
Step 2915: 8.592 sec
Step 2916: 8.274 sec
Step 2917: 9.279 sec
Step 2918: 9.071 sec
Step 2919: 8.111 sec
Step 2920: 7.813 sec
Training Data Eval:
accuracy: 1.00000
Validation Data Eval:
accuracy: 0.53125
Step 2921: 8.152 sec
Step 2922: 8.965 sec
Step 2923: 9.558 sec
Step 2924: 9.100 sec
Step 2925: 8.923 sec
Step 2926: 8.030 sec
Step 2927: 7.225 sec
Step 2928: 8.923 sec
Step 2929: 8.885 sec
Step 2930: 7.986 sec
Training Data Eval:
accuracy: 0.96875
Validation Data Eval:
accuracy: 0.43750
Step 2931: 8.917 sec
Step 2932: 9.473 sec
Step 2933: 12.050 sec
Step 2934: 9.286 sec
Step 2935: 10.121 sec
Step 2936: 9.274 sec
Step 2937: 8.735 sec
Step 2938: 10.011 sec
Step 2939: 9.498 sec
Step 2940: 9.105 sec
Training Data Eval:
accuracy: 1.00000
Validation Data Eval:
accuracy: 0.46875
Step 2941: 9.381 sec
Step 2942: 9.863 sec
Step 2943: 12.650 sec
Step 2944: 9.864 sec
Step 2945: 10.303 sec
Step 2946: 10.286 sec
Step 2947: 11.036 sec
Step 2948: 9.411 sec
Step 2949: 8.879 sec
Step 2950: 11.380 sec
Training Data Eval:
accuracy: 1.00000
Validation Data Eval:
accuracy: 0.43750
Step 2951: 10.400 sec
Step 2952: 10.805 sec
Step 2953: 12.227 sec
Step 2954: 11.902 sec
Step 2955: 11.230 sec
Step 2956: 10.545 sec
Step 2957: 11.511 sec
Step 2958: 10.554 sec
Step 2959: 9.665 sec
Step 2960: 11.948 sec
Training Data Eval:
accuracy: 1.00000
Validation Data Eval:
accuracy: 0.43750
Step 2961: 11.691 sec
Step 2962: 12.877 sec
Step 2963: 9.724 sec
Step 2964: 9.986 sec
Step 2965: 10.402 sec
Step 2966: 11.458 sec
Step 2967: 11.304 sec
Step 2968: 11.550 sec
Step 2969: 9.740 sec
Step 2970: 10.731 sec
Training Data Eval:
accuracy: 1.00000
Validation Data Eval:
accuracy: 0.56250
Step 2971: 11.754 sec
Step 2972: 14.755 sec
Step 2973: 12.574 sec
Step 2974: 10.272 sec
Step 2975: 9.857 sec
Step 2976: 10.733 sec
Step 2977: 11.700 sec
Step 2978: 10.444 sec
Step 2979: 12.044 sec
Step 2980: 10.537 sec
Training Data Eval:
accuracy: 1.00000
Validation Data Eval:
accuracy: 0.65625
Step 2981: 11.059 sec
Step 2982: 12.326 sec
Step 2983: 11.601 sec
Step 2984: 12.131 sec
Step 2985: 11.751 sec
Step 2986: 11.066 sec
Step 2987: 9.288 sec
Step 2988: 10.927 sec
Step 2989: 11.186 sec
Step 2990: 10.597 sec
Training Data Eval:
accuracy: 0.93750
Validation Data Eval:
accuracy: 0.59375
Step 2991: 12.164 sec
Step 2992: 13.171 sec
Step 2993: 11.130 sec
Step 2994: 9.556 sec
Step 2995: 10.491 sec
Step 2996: 10.544 sec
Step 2997: 12.639 sec
Step 2998: 10.817 sec
Step 2999: 11.425 sec
Training Data Eval:
accuracy: 1.00000
Validation Data Eval:
accuracy: 0.53125
done
